2019-08-29T13:12:08.455Z - info: Website generation started at 9:12:06 PM
2019-08-29T13:12:10.811Z - info: Building assets...
2019-08-29T13:12:12.890Z - info: Assets built
2019-08-29T13:12:12.892Z - info: Generating pages...
2019-08-29T13:15:03.747Z - info: Pages built
2019-08-29T13:15:46.149Z - info: Website generation complete! Total build time: 219.617s
2019-08-29T13:15:46.236Z - info: Serving "D:\Teaching\CS2113\AY1920Sem1\website\_site" at http://127.0.0.1:8080
2019-08-29T13:15:46.237Z - info: Press CTRL+C to stop ...
2019-08-29T13:15:46.271Z - info: Site data built
2019-08-29T13:19:43.492Z - info: [9:19:43 PM] Reload for file change: D:\Teaching\CS2113\AY1920Sem1\website\_markbind\headers\header.md
2019-08-29T13:19:44.497Z - info: Rebuilding affected source files
2019-08-29T13:19:44.562Z - info: Rebuilding 147 pages
2019-08-29T13:21:21.418Z - info: Pages rebuilt
2019-08-29T13:21:21.457Z - info: Site data built
2019-08-29T13:28:38.925Z - info: [9:28:38 PM] Reload for file change: D:\Teaching\CS2113\AY1920Sem1\website\admin\project-timeline.md
2019-08-29T13:28:39.929Z - info: Rebuilding affected source files
2019-08-29T13:28:39.958Z - info: Rebuilding 37 pages
2019-08-29T13:28:53.210Z - info: Pages rebuilt
2019-08-29T13:28:53.235Z - info: Site data built
2019-08-29T13:29:41.475Z - info: [9:29:41 PM] Reload for file change: D:\Teaching\CS2113\AY1920Sem1\website\admin\project-timeline.md
2019-08-29T13:29:42.480Z - info: Rebuilding affected source files
2019-08-29T13:29:42.490Z - info: Rebuilding 36 pages
2019-08-29T13:29:53.962Z - info: Pages rebuilt
2019-08-29T13:29:53.986Z - info: Site data built
2019-08-29T14:31:34.684Z - info: [10:31:34 PM] Reload for file change: D:\Teaching\CS2113\AY1920Sem1\website\admin\project-timeline.md
2019-08-29T14:31:35.690Z - info: Rebuilding affected source files
2019-08-29T14:31:35.727Z - info: Rebuilding 36 pages
2019-08-29T14:31:49.113Z - info: Pages rebuilt
2019-08-29T14:31:49.127Z - info: Site data built
2019-08-29T14:45:28.853Z - info: Website generation started at 10:45:27 PM
2019-08-29T14:45:30.195Z - info: Building assets...
