2019-08-14T22:40:45.955Z - info: Website generation started at 6:40:44 AM
2019-08-14T22:40:47.535Z - info: Building assets...
2019-08-14T22:40:49.352Z - info: Assets built
2019-08-14T22:40:49.354Z - info: Generating pages...
2019-08-14T22:43:32.571Z - info: Pages built
2019-08-14T22:44:21.775Z - info: Website generation complete! Total build time: 217.749s
2019-08-14T22:44:21.886Z - info: Serving "D:\Teaching\CS2113\AY1920Sem1\website\_site" at http://127.0.0.1:8080
2019-08-14T22:44:21.887Z - info: Press CTRL+C to stop ...
2019-08-14T22:44:21.920Z - info: Site data built
2019-08-14T22:48:52.460Z - info: [6:48:52 AM] Reload for file change: D:\Teaching\CS2113\AY1920Sem1\website\admin\participation.md
2019-08-14T22:48:53.469Z - info: Rebuilding affected source files
2019-08-14T22:48:53.479Z - info: Rebuilding 5 pages
2019-08-14T22:49:02.117Z - info: Pages rebuilt
2019-08-14T22:49:02.130Z - info: Site data built
2019-08-14T22:49:19.267Z - info: [6:49:19 AM] Reload for file change: D:\Teaching\CS2113\AY1920Sem1\website\admin\participation.md
2019-08-14T22:49:20.271Z - info: Rebuilding affected source files
2019-08-14T22:49:20.274Z - info: Rebuilding 5 pages
2019-08-14T22:49:27.588Z - info: Pages rebuilt
2019-08-14T22:49:27.604Z - info: Site data built
2019-08-14T23:01:48.787Z - info: [7:01:48 AM] Reload for file change: D:\Teaching\CS2113\AY1920Sem1\website\_markbind\headers\header.md
2019-08-14T23:01:49.795Z - info: Rebuilding affected source files
2019-08-14T23:01:49.836Z - info: Rebuilding 147 pages
2019-08-14T23:02:56.622Z - info: Pages rebuilt
2019-08-14T23:02:56.651Z - info: Site data built
2019-08-14T23:03:52.759Z - info: [7:03:52 AM] Reload for file change: D:\Teaching\CS2113\AY1920Sem1\website\admin\participation.md
2019-08-14T23:03:53.761Z - info: Rebuilding affected source files
2019-08-14T23:03:53.764Z - info: Rebuilding 5 pages
2019-08-14T23:04:00.897Z - info: Pages rebuilt
2019-08-14T23:04:00.916Z - info: Site data built
2019-08-14T23:04:34.153Z - info: [7:04:34 AM] Reload for file change: D:\Teaching\CS2113\AY1920Sem1\website\admin\participation.md
2019-08-14T23:04:35.155Z - info: Rebuilding affected source files
2019-08-14T23:04:35.158Z - info: Rebuilding 5 pages
2019-08-14T23:04:42.846Z - info: Pages rebuilt
2019-08-14T23:04:42.863Z - info: Site data built
2019-08-14T23:05:48.684Z - info: [7:05:48 AM] Reload for file change: D:\Teaching\CS2113\AY1920Sem1\website\admin\participation.md
2019-08-14T23:05:49.691Z - info: Rebuilding affected source files
2019-08-14T23:05:49.700Z - info: Rebuilding 5 pages
2019-08-14T23:05:56.847Z - info: Pages rebuilt
2019-08-14T23:05:56.879Z - info: Site data built
2019-08-14T23:07:18.106Z - info: [7:07:18 AM] Reload for file change: D:\Teaching\CS2113\AY1920Sem1\website\admin\participation.md
2019-08-14T23:07:19.130Z - info: Rebuilding affected source files
2019-08-14T23:07:19.143Z - info: Rebuilding 5 pages
2019-08-14T23:07:27.813Z - info: Pages rebuilt
2019-08-14T23:07:27.840Z - info: Site data built
2019-08-14T23:08:48.482Z - info: [7:08:48 AM] Reload for file change: D:\Teaching\CS2113\AY1920Sem1\website\admin\participation.md
2019-08-14T23:08:49.488Z - info: Rebuilding affected source files
2019-08-14T23:08:49.490Z - info: Rebuilding 5 pages
2019-08-14T23:08:57.715Z - info: Pages rebuilt
2019-08-14T23:08:57.764Z - info: Site data built
2019-08-14T23:09:44.718Z - info: [7:09:44 AM] Reload for file change: D:\Teaching\CS2113\AY1920Sem1\website\admin\participation.md
2019-08-14T23:09:45.726Z - info: Rebuilding affected source files
2019-08-14T23:09:45.729Z - info: Rebuilding 5 pages
2019-08-14T23:09:52.451Z - info: Pages rebuilt
2019-08-14T23:09:52.464Z - info: Site data built
2019-08-14T23:11:08.114Z - info: Website generation started at 7:11:06 AM
2019-08-14T23:11:09.409Z - info: Building assets...
2019-08-14T23:11:10.732Z - info: Assets built
2019-08-14T23:11:10.733Z - info: Generating pages...
2019-08-14T23:12:59.975Z - info: Pages built
2019-08-14T23:13:27.303Z - info: Website generation complete! Total build time: 140.688s
2019-08-14T23:13:27.305Z - info: Build success!
2019-08-14T23:13:27.313Z - info: Site data built
2019-08-14T23:14:03.601Z - info: Deployed!
2019-08-15T14:48:05.970Z - info: Website generation started at 10:48:04 PM
2019-08-15T14:48:08.346Z - info: Building assets...
2019-08-15T14:48:10.339Z - info: Assets built
2019-08-15T14:48:10.341Z - info: Generating pages...
2019-08-15T14:51:00.253Z - info: Pages built
2019-08-15T14:51:29.491Z - info: Website generation complete! Total build time: 205.453s
2019-08-15T14:51:29.648Z - info: Serving "D:\Teaching\CS2113\AY1920Sem1\website\_site" at http://127.0.0.1:8080
2019-08-15T14:51:29.653Z - info: Press CTRL+C to stop ...
2019-08-15T14:51:29.726Z - info: Site data built
2019-08-15T14:55:23.847Z - info: [10:55:23 PM] Reload for file deletion: D:\Teaching\CS2113\AY1920Sem1\website\diagrams\admin\~$gradeBreakdown.pptx
2019-08-15T14:55:24.861Z - info: Assets removed
2019-08-15T15:18:21.182Z - info: Website generation started at 11:18:19 PM
2019-08-15T15:18:23.192Z - info: Building assets...
2019-08-15T15:18:25.040Z - info: Assets built
2019-08-15T15:18:25.042Z - info: Generating pages...
2019-08-15T15:20:51.138Z - info: Pages built
2019-08-15T15:21:08.300Z - info: Website generation complete! Total build time: 169.293s
2019-08-15T15:21:08.301Z - info: Build success!
2019-08-15T15:21:08.308Z - info: Site data built
2019-08-15T15:21:35.173Z - info: Deployed!
