2019-03-19T04:13:02.016Z - info: Website generation started at 12:12:59 PM
2019-03-19T04:13:04.165Z - info: Building assets...
2019-03-19T04:13:05.673Z - info: Assets built
2019-03-19T04:13:05.674Z - info: Generating pages...
2019-03-19T04:15:31.443Z - info: Pages built
2019-03-19T04:15:31.552Z - info: Site data built
2019-03-19T04:15:31.553Z - info: Website generation complete! Total build time: 152.301s
2019-03-19T04:15:31.583Z - info: Generate Site durationMs=152332
2019-03-19T04:15:31.621Z - info: Serving "D:\Teaching\CS2113\AY1819Sem2\website\_site" at http://127.0.0.1:8080
2019-03-19T04:15:31.621Z - info: Press CTRL+C to stop ...
2019-03-19T04:21:40.893Z - info: [12:21:40 PM] Reload for file change: D:\Teaching\CS2113\AY1819Sem2\website\schedule\week10\notices-cs2113.md
2019-03-19T04:21:41.901Z - verbose: Rebuild affected paths: D:\Teaching\CS2113\AY1819Sem2\website\schedule\week10\notices-cs2113.md
2019-03-19T04:21:41.905Z - info: Rebuilding 1 pages
2019-03-19T04:21:44.296Z - info: Pages rebuilt
2019-03-19T04:21:44.312Z - info: Site data built
2019-03-19T04:22:05.430Z - info: [12:22:05 PM] Reload for file change: D:\Teaching\CS2113\AY1819Sem2\website\schedule\week10\notices-cs2113.md
2019-03-19T04:22:06.434Z - verbose: Rebuild affected paths: D:\Teaching\CS2113\AY1819Sem2\website\schedule\week10\notices-cs2113.md
2019-03-19T04:22:06.436Z - info: Rebuilding 1 pages
2019-03-19T04:22:07.321Z - info: Pages rebuilt
2019-03-19T04:22:07.330Z - info: Site data built
2019-03-19T04:22:19.031Z - info: [12:22:19 PM] Reload for file change: D:\Teaching\CS2113\AY1819Sem2\website\schedule\week10\notices-cs2113.md
2019-03-19T04:22:20.034Z - verbose: Rebuild affected paths: D:\Teaching\CS2113\AY1819Sem2\website\schedule\week10\notices-cs2113.md
2019-03-19T04:22:20.039Z - info: Rebuilding 1 pages
2019-03-19T04:22:21.383Z - info: Pages rebuilt
2019-03-19T04:22:21.390Z - info: Site data built
2019-03-19T04:24:04.303Z - info: [12:24:04 PM] Reload for file change: D:\Teaching\CS2113\AY1819Sem2\website\schedule\week10\notices-cs2113.md
2019-03-19T04:24:05.307Z - verbose: Rebuild affected paths: D:\Teaching\CS2113\AY1819Sem2\website\schedule\week10\notices-cs2113.md
2019-03-19T04:24:05.312Z - info: Rebuilding 1 pages
2019-03-19T04:24:07.826Z - info: Pages rebuilt
2019-03-19T04:24:07.835Z - info: Site data built
2019-03-19T04:24:25.951Z - info: [12:24:25 PM] Reload for file change: D:\Teaching\CS2113\AY1819Sem2\website\schedule\week10\notices-cs2113.md
2019-03-19T04:24:26.952Z - verbose: Rebuild affected paths: D:\Teaching\CS2113\AY1819Sem2\website\schedule\week10\notices-cs2113.md
2019-03-19T04:24:26.954Z - info: Rebuilding 1 pages
2019-03-19T04:24:28.285Z - info: Pages rebuilt
2019-03-19T04:24:28.305Z - info: Site data built
2019-03-19T04:24:41.896Z - info: [12:24:41 PM] Reload for file change: D:\Teaching\CS2113\AY1819Sem2\website\schedule\week10\notices-cs2113.md
2019-03-19T04:24:42.897Z - verbose: Rebuild affected paths: D:\Teaching\CS2113\AY1819Sem2\website\schedule\week10\notices-cs2113.md
2019-03-19T04:24:42.899Z - info: Rebuilding 1 pages
2019-03-19T04:24:43.865Z - info: Pages rebuilt
2019-03-19T04:24:43.872Z - info: Site data built
2019-03-19T04:24:50.377Z - info: [12:24:50 PM] Reload for file change: D:\Teaching\CS2113\AY1819Sem2\website\schedule\week10\notices-cs2113.md
2019-03-19T04:24:51.378Z - verbose: Rebuild affected paths: D:\Teaching\CS2113\AY1819Sem2\website\schedule\week10\notices-cs2113.md
2019-03-19T04:24:51.384Z - info: Rebuilding 1 pages
2019-03-19T04:24:52.565Z - info: Pages rebuilt
2019-03-19T04:24:52.575Z - info: Site data built
2019-03-19T04:25:07.671Z - info: [12:25:07 PM] Reload for file change: D:\Teaching\CS2113\AY1819Sem2\website\schedule\week10\notices-cs2113.md
2019-03-19T04:25:08.677Z - verbose: Rebuild affected paths: D:\Teaching\CS2113\AY1819Sem2\website\schedule\week10\notices-cs2113.md
2019-03-19T04:25:08.680Z - info: Rebuilding 1 pages
2019-03-19T04:25:09.917Z - info: Pages rebuilt
2019-03-19T04:25:09.926Z - info: Site data built
2019-03-19T04:25:29.929Z - info: [12:25:29 PM] Reload for file change: D:\Teaching\CS2113\AY1819Sem2\website\schedule\week10\notices-cs2113.md
2019-03-19T04:25:30.930Z - verbose: Rebuild affected paths: D:\Teaching\CS2113\AY1819Sem2\website\schedule\week10\notices-cs2113.md
2019-03-19T04:25:30.934Z - info: Rebuilding 1 pages
2019-03-19T04:25:31.988Z - info: Pages rebuilt
2019-03-19T04:25:31.998Z - info: Site data built
2019-03-19T04:25:39.455Z - info: [12:25:39 PM] Reload for file change: D:\Teaching\CS2113\AY1819Sem2\website\schedule\week10\notices-cs2113.md
2019-03-19T04:25:40.456Z - verbose: Rebuild affected paths: D:\Teaching\CS2113\AY1819Sem2\website\schedule\week10\notices-cs2113.md
2019-03-19T04:25:40.459Z - info: Rebuilding 1 pages
2019-03-19T04:25:41.587Z - info: Pages rebuilt
2019-03-19T04:25:41.599Z - info: Site data built
2019-03-19T04:58:05.804Z - info: Website generation started at 12:58:04 PM
2019-03-19T04:58:07.428Z - info: Building assets...
2019-03-19T04:58:08.995Z - info: Assets built
2019-03-19T04:58:08.996Z - info: Generating pages...
2019-03-19T05:00:32.953Z - info: Pages built
2019-03-19T05:00:32.995Z - info: Site data built
2019-03-19T05:00:32.995Z - info: Website generation complete! Total build time: 148.944s
2019-03-19T05:00:32.996Z - info: Build success!
2019-03-19T05:00:32.997Z - info: Generate Site durationMs=148946
2019-03-19T05:01:36.549Z - info: Deployed!
2019-03-19T07:20:10.948Z - info: Website generation started at 3:20:10 PM
2019-03-19T07:20:11.764Z - info: Building assets...
2019-03-19T07:20:12.582Z - info: Assets built
2019-03-19T07:20:12.583Z - info: Generating pages...
2019-03-19T07:21:21.501Z - info: Pages built
2019-03-19T07:21:21.524Z - info: Site data built
2019-03-19T07:21:21.524Z - info: Website generation complete! Total build time: 71.476s
2019-03-19T07:21:21.525Z - info: Build success!
2019-03-19T07:21:21.525Z - info: Generate Site durationMs=71477
2019-03-19T07:21:55.897Z - info: Deployed!
