2019-02-09T09:30:01.490Z - info: Website generation started at 5:30:00 PM
2019-02-09T09:30:02.565Z - info: Building assets...
2019-02-09T09:30:03.514Z - info: Assets built
2019-02-09T09:30:03.515Z - info: Generating pages...
2019-02-09T09:31:19.558Z - info: Pages built
2019-02-09T09:31:19.640Z - info: Site data built
2019-02-09T09:31:19.641Z - info: Website generation complete! Total build time: 79.153s
2019-02-09T09:31:19.663Z - info: Generate Site durationMs=79176
2019-02-09T09:31:19.686Z - info: Serving "D:\Teaching\CS2113\AY1819Sem2\website\_site" at http://127.0.0.1:8080
2019-02-09T09:31:19.686Z - info: Press CTRL+C to stop ...
2019-02-09T09:34:43.897Z - info: [5:34:43 PM] Reload for file change: D:\Teaching\CS2113\AY1819Sem2\website\schedule\evidence\project.md
2019-02-09T09:34:44.905Z - verbose: Rebuild affected paths: D:\Teaching\CS2113\AY1819Sem2\website\schedule\evidence\project.md
2019-02-09T09:34:44.913Z - info: Rebuilding 5 pages
2019-02-09T09:34:58.250Z - info: Pages rebuilt
2019-02-09T09:34:58.288Z - info: Site data built
2019-02-09T09:35:00.366Z - info: [5:35:00 PM] Reload for file change: D:\Teaching\CS2113\AY1819Sem2\website\schedule\evidence\project.md
2019-02-09T09:35:01.372Z - verbose: Rebuild affected paths: D:\Teaching\CS2113\AY1819Sem2\website\schedule\evidence\project.md
2019-02-09T09:35:01.378Z - info: Rebuilding 5 pages
2019-02-09T09:35:18.171Z - info: Pages rebuilt
2019-02-09T09:35:18.186Z - info: Site data built
2019-02-09T09:35:32.561Z - info: [5:35:32 PM] Reload for file change: D:\Teaching\CS2113\AY1819Sem2\website\schedule\evidence\project.md
2019-02-09T09:35:33.562Z - verbose: Rebuild affected paths: D:\Teaching\CS2113\AY1819Sem2\website\schedule\evidence\project.md
2019-02-09T09:35:33.564Z - info: Rebuilding 5 pages
2019-02-09T09:35:52.724Z - info: Pages rebuilt
2019-02-09T09:35:52.751Z - info: Site data built
2019-02-09T09:36:32.577Z - info: [5:36:32 PM] Reload for file change: D:\Teaching\CS2113\AY1819Sem2\website\schedule\evidence\project.md
2019-02-09T09:36:33.582Z - verbose: Rebuild affected paths: D:\Teaching\CS2113\AY1819Sem2\website\schedule\evidence\project.md
2019-02-09T09:36:33.586Z - info: Rebuilding 5 pages
2019-02-09T09:36:47.653Z - info: Pages rebuilt
2019-02-09T09:36:47.691Z - info: Site data built
2019-02-09T09:37:43.512Z - info: [5:37:43 PM] Reload for file change: D:\Teaching\CS2113\AY1819Sem2\website\schedule\week5\notices-cs2113.md
2019-02-09T09:37:44.516Z - verbose: Rebuild affected paths: D:\Teaching\CS2113\AY1819Sem2\website\schedule\week5\notices-cs2113.md
2019-02-09T09:37:44.518Z - info: Rebuilding 1 pages
2019-02-09T09:37:46.800Z - info: Pages rebuilt
2019-02-09T09:37:46.813Z - info: Site data built
2019-02-09T09:38:09.316Z - info: [5:38:09 PM] Reload for file change: D:\Teaching\CS2113\AY1819Sem2\website\schedule\week5\project.md
2019-02-09T09:38:10.317Z - verbose: Rebuild affected paths: D:\Teaching\CS2113\AY1819Sem2\website\schedule\week5\project.md
2019-02-09T09:38:10.319Z - info: Rebuilding 1 pages
2019-02-09T09:38:12.240Z - info: Pages rebuilt
2019-02-09T09:38:12.254Z - info: Site data built
2019-02-09T09:39:37.727Z - info: [5:39:37 PM] Reload for file change: D:\Teaching\CS2113\AY1819Sem2\website\schedule\week5\notices-cs2113.md
2019-02-09T09:39:38.729Z - verbose: Rebuild affected paths: D:\Teaching\CS2113\AY1819Sem2\website\schedule\week5\notices-cs2113.md
2019-02-09T09:39:38.732Z - info: Rebuilding 1 pages
2019-02-09T09:39:41.107Z - info: Pages rebuilt
2019-02-09T09:39:41.123Z - info: Site data built
2019-02-09T09:39:57.022Z - info: [5:39:57 PM] Reload for file change: D:\Teaching\CS2113\AY1819Sem2\website\schedule\week5\notices-cs2113.md
2019-02-09T09:39:58.024Z - verbose: Rebuild affected paths: D:\Teaching\CS2113\AY1819Sem2\website\schedule\week5\notices-cs2113.md
2019-02-09T09:39:58.025Z - info: Rebuilding 1 pages
2019-02-09T09:39:59.920Z - info: Pages rebuilt
2019-02-09T09:39:59.933Z - info: Site data built
2019-02-09T09:40:45.527Z - info: [5:40:45 PM] Reload for file change: D:\Teaching\CS2113\AY1819Sem2\website\schedule\evidence\project.md
2019-02-09T09:40:46.530Z - verbose: Rebuild affected paths: D:\Teaching\CS2113\AY1819Sem2\website\schedule\evidence\project.md
2019-02-09T09:40:46.533Z - info: Rebuilding 5 pages
2019-02-09T09:40:58.788Z - info: Pages rebuilt
2019-02-09T09:40:58.810Z - info: Site data built
2019-02-09T09:41:15.225Z - info: [5:41:15 PM] Reload for file change: D:\Teaching\CS2113\AY1819Sem2\website\schedule\evidence\project.md
2019-02-09T09:41:16.228Z - verbose: Rebuild affected paths: D:\Teaching\CS2113\AY1819Sem2\website\schedule\evidence\project.md
2019-02-09T09:41:16.231Z - info: Rebuilding 5 pages
2019-02-09T09:41:27.781Z - info: Pages rebuilt
2019-02-09T09:41:27.800Z - info: Site data built
2019-02-09T09:41:58.875Z - info: [5:41:58 PM] Reload for file change: D:\Teaching\CS2113\AY1819Sem2\website\schedule\evidence\project.md
2019-02-09T09:41:59.875Z - verbose: Rebuild affected paths: D:\Teaching\CS2113\AY1819Sem2\website\schedule\evidence\project.md
2019-02-09T09:41:59.877Z - info: Rebuilding 5 pages
2019-02-09T09:42:10.448Z - info: Pages rebuilt
2019-02-09T09:42:10.463Z - info: Site data built
2019-02-09T09:42:29.314Z - info: [5:42:29 PM] Reload for file change: D:\Teaching\CS2113\AY1819Sem2\website\schedule\week5\project.md
2019-02-09T09:42:30.315Z - verbose: Rebuild affected paths: D:\Teaching\CS2113\AY1819Sem2\website\schedule\week5\project.md
2019-02-09T09:42:30.317Z - info: Rebuilding 1 pages
2019-02-09T09:42:32.257Z - info: Pages rebuilt
2019-02-09T09:42:32.269Z - info: Site data built
2019-02-09T09:42:54.248Z - info: [5:42:54 PM] Reload for file change: D:\Teaching\CS2113\AY1819Sem2\website\schedule\week5\tutorial-cs2113.md
2019-02-09T09:42:55.250Z - verbose: Rebuild affected paths: D:\Teaching\CS2113\AY1819Sem2\website\schedule\week5\tutorial-cs2113.md
2019-02-09T09:42:55.253Z - info: Rebuilding 1 pages
2019-02-09T09:42:57.582Z - info: Pages rebuilt
2019-02-09T09:42:57.594Z - info: Site data built
2019-02-09T09:43:39.279Z - info: [5:43:39 PM] Reload for file change: D:\Teaching\CS2113\AY1819Sem2\website\schedule\week6\tutorial-cs2113.md
2019-02-09T09:43:40.279Z - verbose: Rebuild affected paths: D:\Teaching\CS2113\AY1819Sem2\website\schedule\week6\tutorial-cs2113.md
2019-02-09T09:43:40.282Z - info: Rebuilding 1 pages
2019-02-09T09:43:42.700Z - info: Pages rebuilt
2019-02-09T09:43:42.716Z - info: Site data built
2019-02-09T09:43:54.393Z - info: [5:43:54 PM] Reload for file change: D:\Teaching\CS2113\AY1819Sem2\website\schedule\week6\tutorial-cs2113.md
2019-02-09T09:43:55.393Z - verbose: Rebuild affected paths: D:\Teaching\CS2113\AY1819Sem2\website\schedule\week6\tutorial-cs2113.md
2019-02-09T09:43:55.398Z - info: Rebuilding 1 pages
2019-02-09T09:43:57.423Z - info: Pages rebuilt
2019-02-09T09:43:57.444Z - info: Site data built
2019-02-09T09:46:11.161Z - info: [5:46:11 PM] Reload for file change: D:\Teaching\CS2113\AY1819Sem2\website\schedule\week5\tutorial-cs2113.md
2019-02-09T09:46:12.165Z - verbose: Rebuild affected paths: D:\Teaching\CS2113\AY1819Sem2\website\schedule\week5\tutorial-cs2113.md
2019-02-09T09:46:12.169Z - info: Rebuilding 1 pages
2019-02-09T09:46:14.489Z - info: Pages rebuilt
2019-02-09T09:46:14.513Z - info: Site data built
2019-02-09T09:46:59.570Z - info: [5:46:59 PM] Reload for file change: D:\Teaching\CS2113\AY1819Sem2\website\schedule\week5\tutorial-cs2113.md
2019-02-09T09:47:00.571Z - verbose: Rebuild affected paths: D:\Teaching\CS2113\AY1819Sem2\website\schedule\week5\tutorial-cs2113.md
2019-02-09T09:47:00.573Z - info: Rebuilding 1 pages
2019-02-09T09:47:02.690Z - info: Pages rebuilt
2019-02-09T09:47:02.701Z - info: Site data built
2019-02-09T09:47:31.407Z - info: [5:47:31 PM] Reload for file change: D:\Teaching\CS2113\AY1819Sem2\website\schedule\week5\tutorial-cs2113.md
2019-02-09T09:47:32.412Z - verbose: Rebuild affected paths: D:\Teaching\CS2113\AY1819Sem2\website\schedule\week5\tutorial-cs2113.md
2019-02-09T09:47:32.414Z - info: Rebuilding 1 pages
2019-02-09T09:47:35.008Z - info: Pages rebuilt
2019-02-09T09:47:35.028Z - info: Site data built
2019-02-09T09:49:30.081Z - info: Website generation started at 5:49:29 PM
2019-02-09T09:49:30.820Z - info: Building assets...
2019-02-09T09:49:31.544Z - info: Assets built
2019-02-09T09:49:31.545Z - info: Generating pages...
2019-02-09T09:50:49.780Z - info: Pages built
2019-02-09T09:50:49.813Z - info: Site data built
2019-02-09T09:50:49.814Z - info: Website generation complete! Total build time: 80.549s
2019-02-09T09:50:49.816Z - info: Build success!
2019-02-09T09:50:49.816Z - info: Generate Site durationMs=80551
2019-02-09T09:51:45.798Z - info: Deployed!
