2019-02-01T21:44:55.449Z - info: Website generation started at 5:44:53 AM
2019-02-01T21:44:58.489Z - info: Building assets...
2019-02-01T21:45:00.883Z - info: Assets built
2019-02-01T21:45:00.885Z - info: Generating pages...
2019-02-01T21:47:44.493Z - info: Pages built
2019-02-01T21:47:44.667Z - info: Site data built
2019-02-01T21:47:44.668Z - info: Website generation complete! Total build time: 171.528s
2019-02-01T21:47:44.722Z - info: Generate Site durationMs=171583
2019-02-01T21:47:44.776Z - info: Serving "D:\Teaching\CS2113\AY1819Sem2\website\_site" at http://127.0.0.1:8080
2019-02-01T21:47:44.777Z - info: Press CTRL+C to stop ...
2019-02-01T21:51:30.285Z - info: [5:51:30 AM] Reload for file change: D:\Teaching\CS2113\AY1819Sem2\website\schedule\week4\tutorial-cs2113.md
2019-02-01T21:51:31.292Z - verbose: Rebuild affected paths: D:\Teaching\CS2113\AY1819Sem2\website\schedule\week4\tutorial-cs2113.md
2019-02-01T21:51:31.301Z - info: Rebuilding 3 pages
2019-02-01T21:51:46.994Z - info: Pages rebuilt
2019-02-01T21:51:47.031Z - info: Site data built
2019-02-01T21:53:17.136Z - info: [5:53:17 AM] Reload for file change: D:\Teaching\CS2113\AY1819Sem2\website\schedule\week4\tutorial-cs2113.md
2019-02-01T21:53:18.140Z - verbose: Rebuild affected paths: D:\Teaching\CS2113\AY1819Sem2\website\schedule\week4\tutorial-cs2113.md
2019-02-01T21:53:18.148Z - info: Rebuilding 3 pages
2019-02-01T21:53:24.528Z - info: [5:53:24 AM] Reload for file change: D:\Teaching\CS2113\AY1819Sem2\website\schedule\week4\tutorial-cs2113.md
2019-02-01T21:53:33.936Z - info: Pages rebuilt
2019-02-01T21:53:33.978Z - info: Site data built
2019-02-01T21:53:34.045Z - verbose: Rebuild affected paths: D:\Teaching\CS2113\AY1819Sem2\website\schedule\week4\tutorial-cs2113.md
2019-02-01T21:53:34.049Z - info: Rebuilding 3 pages
2019-02-01T21:53:53.170Z - info: Pages rebuilt
2019-02-01T21:53:53.181Z - info: Site data built
2019-02-01T21:54:17.412Z - info: Website generation started at 5:54:15 AM
2019-02-01T21:54:18.701Z - info: Building assets...
2019-02-01T21:54:20.006Z - info: Assets built
2019-02-01T21:54:20.007Z - info: Generating pages...
2019-02-01T21:57:03.947Z - info: Pages built
2019-02-01T21:57:03.988Z - info: Site data built
2019-02-01T21:57:03.988Z - info: Website generation complete! Total build time: 168.424s
2019-02-01T21:57:04.021Z - info: Generate Site durationMs=168457
2019-02-01T21:57:04.039Z - info: Serving "D:\Teaching\CS2113\AY1819Sem2\website\_site" at http://127.0.0.1:8080
2019-02-01T21:57:04.040Z - info: Press CTRL+C to stop ...
2019-02-01T22:03:04.140Z - info: [6:03:04 AM] Reload for file change: D:\Teaching\CS2113\AY1819Sem2\website\schedule\week4\tutorial-cs2113.md
2019-02-01T22:03:05.151Z - verbose: Rebuild affected paths: D:\Teaching\CS2113\AY1819Sem2\website\schedule\week4\tutorial-cs2113.md
2019-02-01T22:03:05.159Z - info: Rebuilding 3 pages
2019-02-01T22:03:21.134Z - info: Pages rebuilt
2019-02-01T22:03:21.149Z - info: Site data built
2019-02-01T22:04:13.594Z - info: [6:04:13 AM] Reload for file change: D:\Teaching\CS2113\AY1819Sem2\website\schedule\week4\tutorial-cs2113.md
2019-02-01T22:04:14.605Z - verbose: Rebuild affected paths: D:\Teaching\CS2113\AY1819Sem2\website\schedule\week4\tutorial-cs2113.md
2019-02-01T22:04:14.625Z - info: Rebuilding 3 pages
2019-02-01T22:04:35.197Z - info: Pages rebuilt
2019-02-01T22:04:35.210Z - info: Site data built
2019-02-02T02:10:17.397Z - info: Website generation started at 10:10:16 AM
2019-02-02T02:10:18.146Z - info: Building assets...
2019-02-02T02:10:18.791Z - info: Assets built
2019-02-02T02:10:18.792Z - info: Generating pages...
2019-02-02T02:11:37.027Z - info: Pages built
2019-02-02T02:11:37.071Z - info: Site data built
2019-02-02T02:11:37.072Z - info: Website generation complete! Total build time: 80.348s
2019-02-02T02:11:37.108Z - info: Generate Site durationMs=80384
2019-02-02T02:11:37.127Z - info: Serving "D:\Teaching\CS2113\AY1819Sem2\website\_site" at http://127.0.0.1:8080
2019-02-02T02:11:37.127Z - info: Press CTRL+C to stop ...
2019-02-02T02:13:52.181Z - info: [10:13:52 AM] Reload for file change: D:\Teaching\CS2113\AY1819Sem2\website\schedule\week4\tutorial-cs2113.md
2019-02-02T02:13:53.184Z - verbose: Rebuild affected paths: D:\Teaching\CS2113\AY1819Sem2\website\schedule\week4\tutorial-cs2113.md
2019-02-02T02:13:53.187Z - info: Rebuilding 3 pages
2019-02-02T02:14:02.136Z - info: Pages rebuilt
2019-02-02T02:14:02.145Z - info: Site data built
2019-02-02T02:15:15.729Z - info: [10:15:15 AM] Reload for file change: D:\Teaching\CS2113\AY1819Sem2\website\schedule\week4\tutorial-cs2113.md
2019-02-02T02:15:16.733Z - verbose: Rebuild affected paths: D:\Teaching\CS2113\AY1819Sem2\website\schedule\week4\tutorial-cs2113.md
2019-02-02T02:15:16.739Z - info: Rebuilding 3 pages
2019-02-02T02:15:26.055Z - info: Pages rebuilt
2019-02-02T02:15:26.062Z - info: Site data built
2019-02-02T02:16:44.882Z - info: [10:16:44 AM] Reload for file change: D:\Teaching\CS2113\AY1819Sem2\website\schedule\week4\tutorial-cs2113.md
2019-02-02T02:16:45.883Z - verbose: Rebuild affected paths: D:\Teaching\CS2113\AY1819Sem2\website\schedule\week4\tutorial-cs2113.md
2019-02-02T02:16:45.891Z - info: Rebuilding 3 pages
2019-02-02T02:26:12.381Z - info: Pages rebuilt
2019-02-02T02:26:12.412Z - info: Site data built
2019-02-02T02:30:01.149Z - info: [10:30:01 AM] Reload for file change: D:\Teaching\CS2113\AY1819Sem2\website\schedule\week4\tutorial-cs2113.md
2019-02-02T02:30:02.154Z - verbose: Rebuild affected paths: D:\Teaching\CS2113\AY1819Sem2\website\schedule\week4\tutorial-cs2113.md
2019-02-02T02:30:02.157Z - info: Rebuilding 3 pages
2019-02-02T02:30:22.843Z - info: Pages rebuilt
2019-02-02T02:30:22.875Z - info: Site data built
2019-02-02T02:30:23.068Z - info: [10:30:23 AM] Reload for file change: D:\Teaching\CS2113\AY1819Sem2\website\schedule\week4\tutorial-cs2113.md
2019-02-02T02:30:24.079Z - verbose: Rebuild affected paths: D:\Teaching\CS2113\AY1819Sem2\website\schedule\week4\tutorial-cs2113.md
2019-02-02T02:30:24.110Z - info: Rebuilding 3 pages
2019-02-02T02:30:44.347Z - info: Pages rebuilt
2019-02-02T02:30:44.363Z - info: Site data built
2019-02-02T02:31:02.641Z - info: [10:31:02 AM] Reload for file change: D:\Teaching\CS2113\AY1819Sem2\website\schedule\week4\tutorial-cs2113.md
2019-02-02T02:31:03.643Z - verbose: Rebuild affected paths: D:\Teaching\CS2113\AY1819Sem2\website\schedule\week4\tutorial-cs2113.md
2019-02-02T02:31:03.646Z - info: Rebuilding 3 pages
2019-02-02T02:31:20.862Z - info: Pages rebuilt
2019-02-02T02:31:20.881Z - info: Site data built
2019-02-02T02:32:38.811Z - info: [10:32:38 AM] Reload for file change: D:\Teaching\CS2113\AY1819Sem2\website\schedule\week4\tutorial-cs2113.md
2019-02-02T02:32:39.812Z - verbose: Rebuild affected paths: D:\Teaching\CS2113\AY1819Sem2\website\schedule\week4\tutorial-cs2113.md
2019-02-02T02:32:39.815Z - info: Rebuilding 3 pages
2019-02-02T02:32:50.403Z - info: [10:32:50 AM] Reload for file change: D:\Teaching\CS2113\AY1819Sem2\website\schedule\week4\tutorial-cs2113.md
2019-02-02T02:32:58.977Z - info: Pages rebuilt
2019-02-02T02:32:58.991Z - info: Site data built
2019-02-02T02:32:59.089Z - verbose: Rebuild affected paths: D:\Teaching\CS2113\AY1819Sem2\website\schedule\week4\tutorial-cs2113.md
2019-02-02T02:32:59.092Z - info: Rebuilding 3 pages
2019-02-02T02:33:18.976Z - info: Pages rebuilt
2019-02-02T02:33:18.996Z - info: Site data built
2019-02-02T02:33:35.592Z - info: [10:33:35 AM] Reload for file change: D:\Teaching\CS2113\AY1819Sem2\website\schedule\week4\tutorial-cs2113.md
2019-02-02T02:33:36.594Z - verbose: Rebuild affected paths: D:\Teaching\CS2113\AY1819Sem2\website\schedule\week4\tutorial-cs2113.md
2019-02-02T02:33:36.603Z - info: Rebuilding 3 pages
2019-02-02T02:33:54.057Z - info: Pages rebuilt
2019-02-02T02:33:54.072Z - info: Site data built
2019-02-02T02:36:10.573Z - info: [10:36:10 AM] Reload for file change: D:\Teaching\CS2113\AY1819Sem2\website\schedule\week4\tutorial-cs2113.md
2019-02-02T02:36:11.575Z - verbose: Rebuild affected paths: D:\Teaching\CS2113\AY1819Sem2\website\schedule\week4\tutorial-cs2113.md
2019-02-02T02:36:11.581Z - info: Rebuilding 3 pages
2019-02-02T02:36:32.672Z - info: Pages rebuilt
2019-02-02T02:36:32.692Z - info: Site data built
2019-02-02T02:37:35.585Z - info: [10:37:35 AM] Reload for file change: D:\Teaching\CS2113\AY1819Sem2\website\schedule\week4\tutorial-cs2113.md
2019-02-02T02:37:36.588Z - verbose: Rebuild affected paths: D:\Teaching\CS2113\AY1819Sem2\website\schedule\week4\tutorial-cs2113.md
2019-02-02T02:37:36.593Z - info: Rebuilding 3 pages
2019-02-02T02:37:58.874Z - info: Pages rebuilt
2019-02-02T02:37:58.910Z - info: Site data built
2019-02-02T02:38:35.298Z - info: [10:38:35 AM] Reload for file change: D:\Teaching\CS2113\AY1819Sem2\website\schedule\week4\tutorial-cs2113.md
2019-02-02T02:38:36.299Z - verbose: Rebuild affected paths: D:\Teaching\CS2113\AY1819Sem2\website\schedule\week4\tutorial-cs2113.md
2019-02-02T02:38:36.308Z - info: Rebuilding 3 pages
2019-02-02T02:38:58.185Z - info: Pages rebuilt
2019-02-02T02:38:58.219Z - info: Site data built
2019-02-02T02:39:53.349Z - info: [10:39:53 AM] Reload for file change: D:\Teaching\CS2113\AY1819Sem2\website\schedule\week4\tutorial-cs2113.md
2019-02-02T02:39:54.359Z - verbose: Rebuild affected paths: D:\Teaching\CS2113\AY1819Sem2\website\schedule\week4\tutorial-cs2113.md
2019-02-02T02:39:54.364Z - info: Rebuilding 3 pages
2019-02-02T02:40:13.803Z - info: Pages rebuilt
2019-02-02T02:40:13.832Z - info: Site data built
2019-02-02T02:40:35.627Z - info: [10:40:35 AM] Reload for file change: D:\Teaching\CS2113\AY1819Sem2\website\schedule\week4\tutorial-cs2113.md
2019-02-02T02:40:36.628Z - verbose: Rebuild affected paths: D:\Teaching\CS2113\AY1819Sem2\website\schedule\week4\tutorial-cs2113.md
2019-02-02T02:40:36.632Z - info: Rebuilding 3 pages
2019-02-02T02:40:51.376Z - info: Pages rebuilt
2019-02-02T02:40:51.394Z - info: Site data built
2019-02-02T02:44:15.028Z - info: [10:44:15 AM] Reload for file change: D:\Teaching\CS2113\AY1819Sem2\website\admin\appendixE-gitHub.md
2019-02-02T02:44:15.051Z - info: [10:44:15 AM] Reload for file change: D:\Teaching\CS2113\AY1819Sem2\website\schedule\week4\tutorial-cs2113.md
2019-02-02T02:44:16.036Z - verbose: Rebuild affected paths: D:\Teaching\CS2113\AY1819Sem2\website\admin\appendixE-gitHub.md,D:\Teaching\CS2113\AY1819Sem2\website\schedule\week4\tutorial-cs2113.md
2019-02-02T02:44:16.052Z - info: Rebuilding 21 pages
2019-02-02T02:44:46.514Z - info: [10:44:46 AM] Reload for file change: D:\Teaching\CS2113\AY1819Sem2\website\admin\appendixE-gitHub.md
2019-02-02T02:45:00.815Z - info: Pages rebuilt
2019-02-02T02:45:00.839Z - info: Site data built
2019-02-02T02:45:01.032Z - verbose: Rebuild affected paths: D:\Teaching\CS2113\AY1819Sem2\website\admin\appendixE-gitHub.md
2019-02-02T02:45:01.039Z - info: Rebuilding 21 pages
2019-02-02T02:45:31.388Z - info: [10:45:31 AM] Reload for file change: D:\Teaching\CS2113\AY1819Sem2\website\admin\appendixE-gitHub.md
2019-02-02T02:46:00.111Z - info: Pages rebuilt
2019-02-02T02:46:00.161Z - info: Site data built
2019-02-02T02:46:00.509Z - verbose: Rebuild affected paths: D:\Teaching\CS2113\AY1819Sem2\website\admin\appendixE-gitHub.md
2019-02-02T02:46:00.515Z - info: Rebuilding 21 pages
2019-02-02T02:47:01.166Z - info: Pages rebuilt
2019-02-02T02:47:01.372Z - info: Site data built
2019-02-02T02:48:34.987Z - info: [10:48:34 AM] Reload for file change: D:\Teaching\CS2113\AY1819Sem2\website\schedule\week4\tutorial-cs2113.md
2019-02-02T02:48:35.990Z - verbose: Rebuild affected paths: D:\Teaching\CS2113\AY1819Sem2\website\schedule\week4\tutorial-cs2113.md
2019-02-02T02:48:35.995Z - info: Rebuilding 3 pages
2019-02-02T02:48:55.689Z - info: Pages rebuilt
2019-02-02T02:48:55.704Z - info: Site data built
2019-02-02T02:51:03.331Z - info: [10:51:03 AM] Reload for file change: D:\Teaching\CS2113\AY1819Sem2\website\schedule\week4\tutorial-cs2113.md
2019-02-02T02:51:04.332Z - verbose: Rebuild affected paths: D:\Teaching\CS2113\AY1819Sem2\website\schedule\week4\tutorial-cs2113.md
2019-02-02T02:51:04.344Z - info: Rebuilding 3 pages
2019-02-02T02:51:09.118Z - error:  Error: No such file: https://github.com/nusCS2113-AY1819S2/
Missing reference in D:\Teaching\CS2113\AY1819Sem2\website\schedule\week4\tutorial-cs2113.md
    at Parser._preprocess (C:\Users\anarayan\AppData\Roaming\npm\node_modules\markbind-cli\src\lib\markbind\src\parser.js:145:21)
    at element.children.element.children.map.e (C:\Users\anarayan\AppData\Roaming\npm\node_modules\markbind-cli\src\lib\markbind\src\parser.js:269:57)
    at Array.map (<anonymous>)
    at Parser._preprocess (C:\Users\anarayan\AppData\Roaming\npm\node_modules\markbind-cli\src\lib\markbind\src\parser.js:269:43)
    at element.children.element.children.map.e (C:\Users\anarayan\AppData\Roaming\npm\node_modules\markbind-cli\src\lib\markbind\src\parser.js:284:57)
    at Array.map (<anonymous>)
    at Parser._preprocess (C:\Users\anarayan\AppData\Roaming\npm\node_modules\markbind-cli\src\lib\markbind\src\parser.js:284:43)
    at element.children.element.children.map.e (C:\Users\anarayan\AppData\Roaming\npm\node_modules\markbind-cli\src\lib\markbind\src\parser.js:284:57)
    at Array.map (<anonymous>)
    at Parser._preprocess (C:\Users\anarayan\AppData\Roaming\npm\node_modules\markbind-cli\src\lib\markbind\src\parser.js:284:43)
    at element.children.element.children.map.e (C:\Users\anarayan\AppData\Roaming\npm\node_modules\markbind-cli\src\lib\markbind\src\parser.js:284:57)
    at Array.map (<anonymous>)
    at Parser._preprocess (C:\Users\anarayan\AppData\Roaming\npm\node_modules\markbind-cli\src\lib\markbind\src\parser.js:284:43)
    at element.children.element.children.map.e (C:\Users\anarayan\AppData\Roaming\npm\node_modules\markbind-cli\src\lib\markbind\src\parser.js:284:57)
    at Array.map (<anonymous>)
    at Parser._preprocess (C:\Users\anarayan\AppData\Roaming\npm\node_modules\markbind-cli\src\lib\markbind\src\parser.js:284:43)
2019-02-02T02:51:11.398Z - error:  Error: No such file: https://github.com/nusCS2113-AY1819S2/
Missing reference in D:\Teaching\CS2113\AY1819Sem2\website\schedule\week4\tutorial-cs2113.md
    at Parser._preprocess (C:\Users\anarayan\AppData\Roaming\npm\node_modules\markbind-cli\src\lib\markbind\src\parser.js:145:21)
    at element.children.element.children.map.e (C:\Users\anarayan\AppData\Roaming\npm\node_modules\markbind-cli\src\lib\markbind\src\parser.js:269:57)
    at Array.map (<anonymous>)
    at Parser._preprocess (C:\Users\anarayan\AppData\Roaming\npm\node_modules\markbind-cli\src\lib\markbind\src\parser.js:269:43)
    at element.children.element.children.map.e (C:\Users\anarayan\AppData\Roaming\npm\node_modules\markbind-cli\src\lib\markbind\src\parser.js:284:57)
    at Array.map (<anonymous>)
    at Parser._preprocess (C:\Users\anarayan\AppData\Roaming\npm\node_modules\markbind-cli\src\lib\markbind\src\parser.js:284:43)
    at element.children.element.children.map.e (C:\Users\anarayan\AppData\Roaming\npm\node_modules\markbind-cli\src\lib\markbind\src\parser.js:284:57)
    at Array.map (<anonymous>)
    at Parser._preprocess (C:\Users\anarayan\AppData\Roaming\npm\node_modules\markbind-cli\src\lib\markbind\src\parser.js:284:43)
    at element.children.element.children.map.e (C:\Users\anarayan\AppData\Roaming\npm\node_modules\markbind-cli\src\lib\markbind\src\parser.js:284:57)
    at Array.map (<anonymous>)
    at Parser._preprocess (C:\Users\anarayan\AppData\Roaming\npm\node_modules\markbind-cli\src\lib\markbind\src\parser.js:284:43)
    at element.children.element.children.map.e (C:\Users\anarayan\AppData\Roaming\npm\node_modules\markbind-cli\src\lib\markbind\src\parser.js:284:57)
    at Array.map (<anonymous>)
    at Parser._preprocess (C:\Users\anarayan\AppData\Roaming\npm\node_modules\markbind-cli\src\lib\markbind\src\parser.js:284:43)
2019-02-02T02:51:15.755Z - error:  Error: No such file: https://github.com/nusCS2113-AY1819S2/
Missing reference in D:\Teaching\CS2113\AY1819Sem2\website\schedule\week4\tutorial-cs2113.md
    at Parser._preprocess (C:\Users\anarayan\AppData\Roaming\npm\node_modules\markbind-cli\src\lib\markbind\src\parser.js:145:21)
    at element.children.element.children.map.e (C:\Users\anarayan\AppData\Roaming\npm\node_modules\markbind-cli\src\lib\markbind\src\parser.js:269:57)
    at Array.map (<anonymous>)
    at Parser._preprocess (C:\Users\anarayan\AppData\Roaming\npm\node_modules\markbind-cli\src\lib\markbind\src\parser.js:269:43)
    at element.children.element.children.map.e (C:\Users\anarayan\AppData\Roaming\npm\node_modules\markbind-cli\src\lib\markbind\src\parser.js:284:57)
    at Array.map (<anonymous>)
    at Parser._preprocess (C:\Users\anarayan\AppData\Roaming\npm\node_modules\markbind-cli\src\lib\markbind\src\parser.js:284:43)
    at element.children.element.children.map.e (C:\Users\anarayan\AppData\Roaming\npm\node_modules\markbind-cli\src\lib\markbind\src\parser.js:284:57)
    at Array.map (<anonymous>)
    at Parser._preprocess (C:\Users\anarayan\AppData\Roaming\npm\node_modules\markbind-cli\src\lib\markbind\src\parser.js:284:43)
    at element.children.element.children.map.e (C:\Users\anarayan\AppData\Roaming\npm\node_modules\markbind-cli\src\lib\markbind\src\parser.js:284:57)
    at Array.map (<anonymous>)
    at Parser._preprocess (C:\Users\anarayan\AppData\Roaming\npm\node_modules\markbind-cli\src\lib\markbind\src\parser.js:284:43)
    at element.children.element.children.map.e (C:\Users\anarayan\AppData\Roaming\npm\node_modules\markbind-cli\src\lib\markbind\src\parser.js:284:57)
    at Array.map (<anonymous>)
    at Parser._preprocess (C:\Users\anarayan\AppData\Roaming\npm\node_modules\markbind-cli\src\lib\markbind\src\parser.js:284:43)
2019-02-02T02:51:25.196Z - info: Pages rebuilt
2019-02-02T02:51:25.209Z - info: Site data built
2019-02-02T02:51:59.365Z - info: [10:51:59 AM] Reload for file change: D:\Teaching\CS2113\AY1819Sem2\website\schedule\week4\tutorial-cs2113.md
2019-02-02T02:52:00.367Z - verbose: Rebuild affected paths: D:\Teaching\CS2113\AY1819Sem2\website\schedule\week4\tutorial-cs2113.md
2019-02-02T02:52:00.372Z - info: Rebuilding 3 pages
2019-02-02T02:52:16.798Z - info: Pages rebuilt
2019-02-02T02:52:16.806Z - info: Site data built
2019-02-02T02:52:40.371Z - info: [10:52:40 AM] Reload for file change: D:\Teaching\CS2113\AY1819Sem2\website\schedule\week4\tutorial-cs2113.md
2019-02-02T02:52:41.372Z - verbose: Rebuild affected paths: D:\Teaching\CS2113\AY1819Sem2\website\schedule\week4\tutorial-cs2113.md
2019-02-02T02:52:41.377Z - info: Rebuilding 3 pages
2019-02-02T02:52:54.776Z - info: Pages rebuilt
2019-02-02T02:52:54.803Z - info: Site data built
2019-02-02T02:54:52.823Z - info: [10:54:52 AM] Reload for file change: D:\Teaching\CS2113\AY1819Sem2\website\schedule\week4\tutorial-cs2113.md
2019-02-02T02:54:53.824Z - verbose: Rebuild affected paths: D:\Teaching\CS2113\AY1819Sem2\website\schedule\week4\tutorial-cs2113.md
2019-02-02T02:54:53.830Z - info: Rebuilding 3 pages
2019-02-02T02:55:09.688Z - info: Pages rebuilt
2019-02-02T02:55:09.706Z - info: Site data built
2019-02-02T02:55:51.912Z - info: [10:55:51 AM] Reload for file change: D:\Teaching\CS2113\AY1819Sem2\website\schedule\week4\tutorial-cs2113.md
2019-02-02T02:55:52.916Z - verbose: Rebuild affected paths: D:\Teaching\CS2113\AY1819Sem2\website\schedule\week4\tutorial-cs2113.md
2019-02-02T02:55:52.922Z - info: Rebuilding 3 pages
2019-02-02T02:56:11.363Z - info: Pages rebuilt
2019-02-02T02:56:11.382Z - info: Site data built
2019-02-02T02:56:33.292Z - info: [10:56:33 AM] Reload for file change: D:\Teaching\CS2113\AY1819Sem2\website\schedule\week4\tutorial-cs2113.md
2019-02-02T02:56:34.300Z - verbose: Rebuild affected paths: D:\Teaching\CS2113\AY1819Sem2\website\schedule\week4\tutorial-cs2113.md
2019-02-02T02:56:34.305Z - info: Rebuilding 3 pages
2019-02-02T02:56:54.447Z - info: Pages rebuilt
2019-02-02T02:56:54.465Z - info: Site data built
2019-02-02T02:57:30.840Z - info: [10:57:30 AM] Reload for file change: D:\Teaching\CS2113\AY1819Sem2\website\schedule\week4\tutorial-cs2113.md
2019-02-02T02:57:31.842Z - verbose: Rebuild affected paths: D:\Teaching\CS2113\AY1819Sem2\website\schedule\week4\tutorial-cs2113.md
2019-02-02T02:57:31.849Z - info: Rebuilding 3 pages
2019-02-02T02:57:49.095Z - info: Pages rebuilt
2019-02-02T02:57:49.122Z - info: Site data built
2019-02-02T03:01:24.076Z - info: [11:01:24 AM] Reload for file change: D:\Teaching\CS2113\AY1819Sem2\website\schedule\week4\tutorial-cs2113.md
2019-02-02T03:01:25.079Z - verbose: Rebuild affected paths: D:\Teaching\CS2113\AY1819Sem2\website\schedule\week4\tutorial-cs2113.md
2019-02-02T03:01:25.085Z - info: Rebuilding 3 pages
2019-02-02T03:01:41.201Z - info: Pages rebuilt
2019-02-02T03:01:41.212Z - info: Site data built
2019-02-02T03:02:54.492Z - info: [11:02:54 AM] Reload for file change: D:\Teaching\CS2113\AY1819Sem2\website\schedule\week4\tutorial-cs2113.md
2019-02-02T03:02:55.494Z - verbose: Rebuild affected paths: D:\Teaching\CS2113\AY1819Sem2\website\schedule\week4\tutorial-cs2113.md
2019-02-02T03:02:55.501Z - info: Rebuilding 3 pages
2019-02-02T03:03:34.895Z - info: Pages rebuilt
2019-02-02T03:03:34.916Z - info: Site data built
2019-02-02T03:05:24.601Z - info: [11:05:24 AM] Reload for file change: D:\Teaching\CS2113\AY1819Sem2\website\schedule\week4\tutorial-cs2113.md
2019-02-02T03:05:25.604Z - verbose: Rebuild affected paths: D:\Teaching\CS2113\AY1819Sem2\website\schedule\week4\tutorial-cs2113.md
2019-02-02T03:05:25.612Z - info: Rebuilding 3 pages
2019-02-02T03:05:39.234Z - info: Pages rebuilt
2019-02-02T03:05:39.252Z - info: Site data built
2019-02-02T03:07:25.458Z - info: [11:07:25 AM] Reload for file change: D:\Teaching\CS2113\AY1819Sem2\website\schedule\week4\tutorial-cs2113.md
2019-02-02T03:07:26.460Z - verbose: Rebuild affected paths: D:\Teaching\CS2113\AY1819Sem2\website\schedule\week4\tutorial-cs2113.md
2019-02-02T03:07:26.467Z - info: Rebuilding 3 pages
2019-02-02T03:07:42.674Z - info: Pages rebuilt
2019-02-02T03:07:42.687Z - info: Site data built
2019-02-02T03:09:24.588Z - info: [11:09:24 AM] Reload for file change: D:\Teaching\CS2113\AY1819Sem2\website\schedule\week4\tutorial-cs2113.md
2019-02-02T03:09:25.592Z - verbose: Rebuild affected paths: D:\Teaching\CS2113\AY1819Sem2\website\schedule\week4\tutorial-cs2113.md
2019-02-02T03:09:25.597Z - info: Rebuilding 3 pages
2019-02-02T03:09:44.267Z - info: Pages rebuilt
2019-02-02T03:09:44.308Z - info: Site data built
2019-02-02T03:11:43.714Z - info: [11:11:43 AM] Reload for file change: D:\Teaching\CS2113\AY1819Sem2\website\schedule\week4\tutorial-cs2113.md
2019-02-02T03:11:44.716Z - verbose: Rebuild affected paths: D:\Teaching\CS2113\AY1819Sem2\website\schedule\week4\tutorial-cs2113.md
2019-02-02T03:11:44.720Z - info: Rebuilding 3 pages
2019-02-02T03:12:02.589Z - info: Pages rebuilt
2019-02-02T03:12:02.603Z - info: Site data built
2019-02-02T03:12:02.881Z - info: [11:12:02 AM] Reload for file change: D:\Teaching\CS2113\AY1819Sem2\website\schedule\week4\tutorial-cs2113.md
2019-02-02T03:12:03.883Z - verbose: Rebuild affected paths: D:\Teaching\CS2113\AY1819Sem2\website\schedule\week4\tutorial-cs2113.md
2019-02-02T03:12:03.888Z - info: Rebuilding 3 pages
2019-02-02T03:12:23.358Z - info: Pages rebuilt
2019-02-02T03:12:23.374Z - info: Site data built
2019-02-02T03:16:44.068Z - info: [11:16:44 AM] Reload for file change: D:\Teaching\CS2113\AY1819Sem2\website\schedule\week4\tutorial-cs2113.md
2019-02-02T03:16:45.071Z - verbose: Rebuild affected paths: D:\Teaching\CS2113\AY1819Sem2\website\schedule\week4\tutorial-cs2113.md
2019-02-02T03:16:45.078Z - info: Rebuilding 3 pages
2019-02-02T03:17:04.490Z - info: Pages rebuilt
2019-02-02T03:17:04.503Z - info: Site data built
2019-02-02T03:17:37.460Z - info: [11:17:37 AM] Reload for file change: D:\Teaching\CS2113\AY1819Sem2\website\schedule\week4\tutorial-cs2113.md
2019-02-02T03:17:38.464Z - verbose: Rebuild affected paths: D:\Teaching\CS2113\AY1819Sem2\website\schedule\week4\tutorial-cs2113.md
2019-02-02T03:17:38.472Z - info: Rebuilding 3 pages
2019-02-02T03:17:58.678Z - info: Pages rebuilt
2019-02-02T03:17:58.693Z - info: Site data built
2019-02-02T03:18:02.968Z - info: [11:18:02 AM] Reload for file change: D:\Teaching\CS2113\AY1819Sem2\website\schedule\week4\tutorial-cs2113.md
2019-02-02T03:18:03.972Z - verbose: Rebuild affected paths: D:\Teaching\CS2113\AY1819Sem2\website\schedule\week4\tutorial-cs2113.md
2019-02-02T03:18:03.976Z - info: Rebuilding 3 pages
2019-02-02T03:18:24.730Z - info: Pages rebuilt
2019-02-02T03:18:24.741Z - info: Site data built
2019-02-02T03:21:04.355Z - info: [11:21:04 AM] Reload for file change: D:\Teaching\CS2113\AY1819Sem2\website\schedule\week4\tutorial-cs2113.md
2019-02-02T03:21:05.357Z - verbose: Rebuild affected paths: D:\Teaching\CS2113\AY1819Sem2\website\schedule\week4\tutorial-cs2113.md
2019-02-02T03:21:05.362Z - info: Rebuilding 3 pages
2019-02-02T03:21:22.081Z - info: Pages rebuilt
2019-02-02T03:21:22.118Z - info: Site data built
2019-02-02T03:24:53.498Z - info: [11:24:53 AM] Reload for file change: D:\Teaching\CS2113\AY1819Sem2\website\schedule\week4\tutorial-cs2113.md
2019-02-02T03:24:54.500Z - verbose: Rebuild affected paths: D:\Teaching\CS2113\AY1819Sem2\website\schedule\week4\tutorial-cs2113.md
2019-02-02T03:24:54.513Z - info: Rebuilding 3 pages
2019-02-02T03:25:07.881Z - info: Pages rebuilt
2019-02-02T03:25:07.900Z - info: Site data built
2019-02-02T03:26:04.515Z - info: [11:26:04 AM] Reload for file change: D:\Teaching\CS2113\AY1819Sem2\website\schedule\week4\tutorial-cs2113.md
2019-02-02T03:26:05.519Z - verbose: Rebuild affected paths: D:\Teaching\CS2113\AY1819Sem2\website\schedule\week4\tutorial-cs2113.md
2019-02-02T03:26:05.525Z - info: Rebuilding 3 pages
2019-02-02T03:26:23.526Z - info: Pages rebuilt
2019-02-02T03:26:23.563Z - info: Site data built
2019-02-02T03:28:50.263Z - info: [11:28:50 AM] Reload for file change: D:\Teaching\CS2113\AY1819Sem2\website\schedule\week4\tutorial-cs2113.md
2019-02-02T03:28:51.267Z - verbose: Rebuild affected paths: D:\Teaching\CS2113\AY1819Sem2\website\schedule\week4\tutorial-cs2113.md
2019-02-02T03:28:51.278Z - info: Rebuilding 3 pages
2019-02-02T03:29:12.929Z - info: Pages rebuilt
2019-02-02T03:29:12.949Z - info: Site data built
2019-02-02T03:30:53.705Z - info: [11:30:53 AM] Reload for file change: D:\Teaching\CS2113\AY1819Sem2\website\schedule\week4\tutorial-cs2113.md
2019-02-02T03:30:54.707Z - verbose: Rebuild affected paths: D:\Teaching\CS2113\AY1819Sem2\website\schedule\week4\tutorial-cs2113.md
2019-02-02T03:30:54.738Z - info: Rebuilding 3 pages
2019-02-02T03:31:09.920Z - info: Pages rebuilt
2019-02-02T03:31:09.939Z - info: Site data built
2019-02-02T03:32:33.737Z - info: [11:32:33 AM] Reload for file change: D:\Teaching\CS2113\AY1819Sem2\website\schedule\week4\tutorial-cs2113.md
2019-02-02T03:32:34.738Z - verbose: Rebuild affected paths: D:\Teaching\CS2113\AY1819Sem2\website\schedule\week4\tutorial-cs2113.md
2019-02-02T03:32:34.745Z - info: Rebuilding 3 pages
2019-02-02T03:32:50.166Z - info: Pages rebuilt
2019-02-02T03:32:50.189Z - info: Site data built
2019-02-02T03:33:39.803Z - info: [11:33:39 AM] Reload for file change: D:\Teaching\CS2113\AY1819Sem2\website\schedule\week4\tutorial-cs2113.md
2019-02-02T03:33:40.806Z - verbose: Rebuild affected paths: D:\Teaching\CS2113\AY1819Sem2\website\schedule\week4\tutorial-cs2113.md
2019-02-02T03:33:40.810Z - info: Rebuilding 3 pages
2019-02-02T03:33:56.190Z - info: Pages rebuilt
2019-02-02T03:33:56.214Z - info: Site data built
2019-02-02T03:34:11.999Z - info: [11:34:11 AM] Reload for file change: D:\Teaching\CS2113\AY1819Sem2\website\schedule\week4\tutorial-cs2113.md
2019-02-02T03:34:13.006Z - verbose: Rebuild affected paths: D:\Teaching\CS2113\AY1819Sem2\website\schedule\week4\tutorial-cs2113.md
2019-02-02T03:34:13.012Z - info: Rebuilding 3 pages
2019-02-02T03:34:30.274Z - info: Pages rebuilt
2019-02-02T03:34:30.302Z - info: Site data built
2019-02-02T03:35:30.258Z - info: [11:35:30 AM] Reload for file change: D:\Teaching\CS2113\AY1819Sem2\website\schedule\week4\tutorial-cs2113.md
2019-02-02T03:35:31.261Z - verbose: Rebuild affected paths: D:\Teaching\CS2113\AY1819Sem2\website\schedule\week4\tutorial-cs2113.md
2019-02-02T03:35:31.271Z - info: Rebuilding 3 pages
2019-02-02T03:35:49.342Z - info: Pages rebuilt
2019-02-02T03:35:49.360Z - info: Site data built
2019-02-02T03:36:20.086Z - info: [11:36:20 AM] Reload for file change: D:\Teaching\CS2113\AY1819Sem2\website\schedule\week4\tutorial-cs2113.md
2019-02-02T03:36:21.088Z - verbose: Rebuild affected paths: D:\Teaching\CS2113\AY1819Sem2\website\schedule\week4\tutorial-cs2113.md
2019-02-02T03:36:21.093Z - info: Rebuilding 3 pages
2019-02-02T03:36:38.592Z - info: Pages rebuilt
2019-02-02T03:36:38.623Z - info: Site data built
2019-02-02T03:36:41.950Z - info: [11:36:41 AM] Reload for file change: D:\Teaching\CS2113\AY1819Sem2\website\schedule\week4\tutorial-cs2113.md
2019-02-02T03:36:42.951Z - verbose: Rebuild affected paths: D:\Teaching\CS2113\AY1819Sem2\website\schedule\week4\tutorial-cs2113.md
2019-02-02T03:36:42.960Z - info: Rebuilding 3 pages
2019-02-02T03:36:55.282Z - info: [11:36:55 AM] Reload for file change: D:\Teaching\CS2113\AY1819Sem2\website\schedule\week4\tutorial-cs2113.md
2019-02-02T03:37:04.039Z - info: Pages rebuilt
2019-02-02T03:37:04.062Z - info: Site data built
2019-02-02T03:37:04.117Z - verbose: Rebuild affected paths: D:\Teaching\CS2113\AY1819Sem2\website\schedule\week4\tutorial-cs2113.md
2019-02-02T03:37:04.121Z - info: Rebuilding 3 pages
2019-02-02T03:37:11.509Z - info: [11:37:11 AM] Reload for file change: D:\Teaching\CS2113\AY1819Sem2\website\schedule\week4\tutorial-cs2113.md
2019-02-02T03:37:17.820Z - info: [11:37:17 AM] Reload for file change: D:\Teaching\CS2113\AY1819Sem2\website\schedule\week4\tutorial-cs2113.md
2019-02-02T03:37:26.035Z - info: Pages rebuilt
2019-02-02T03:37:26.083Z - info: Site data built
2019-02-02T03:37:26.282Z - verbose: Rebuild affected paths: D:\Teaching\CS2113\AY1819Sem2\website\schedule\week4\tutorial-cs2113.md
2019-02-02T03:37:26.291Z - info: Rebuilding 3 pages
2019-02-02T03:37:43.887Z - info: Pages rebuilt
2019-02-02T03:37:43.902Z - info: Site data built
2019-02-02T03:38:43.979Z - info: [11:38:43 AM] Reload for file change: D:\Teaching\CS2113\AY1819Sem2\website\schedule\week4\tutorial-cs2113.md
2019-02-02T03:38:44.981Z - verbose: Rebuild affected paths: D:\Teaching\CS2113\AY1819Sem2\website\schedule\week4\tutorial-cs2113.md
2019-02-02T03:38:44.988Z - info: Rebuilding 3 pages
2019-02-02T03:39:03.405Z - info: [11:39:03 AM] Reload for file change: D:\Teaching\CS2113\AY1819Sem2\website\schedule\week4\tutorial-cs2113.md
2019-02-02T03:39:03.435Z - info: Pages rebuilt
2019-02-02T03:39:03.456Z - info: Site data built
2019-02-02T03:39:04.418Z - verbose: Rebuild affected paths: D:\Teaching\CS2113\AY1819Sem2\website\schedule\week4\tutorial-cs2113.md
2019-02-02T03:39:04.422Z - info: Rebuilding 3 pages
2019-02-02T03:39:23.180Z - info: Pages rebuilt
2019-02-02T03:39:23.202Z - info: Site data built
2019-02-02T03:42:13.157Z - info: [11:42:13 AM] Reload for file change: D:\Teaching\CS2113\AY1819Sem2\website\schedule\week4\tutorial-cs2113.md
2019-02-02T03:42:14.159Z - verbose: Rebuild affected paths: D:\Teaching\CS2113\AY1819Sem2\website\schedule\week4\tutorial-cs2113.md
2019-02-02T03:42:14.166Z - info: Rebuilding 3 pages
2019-02-02T03:42:28.104Z - info: Pages rebuilt
2019-02-02T03:42:28.118Z - info: Site data built
2019-02-02T03:43:16.635Z - info: [11:43:16 AM] Reload for file change: D:\Teaching\CS2113\AY1819Sem2\website\schedule\week4\tutorial-cs2113.md
2019-02-02T03:43:17.635Z - verbose: Rebuild affected paths: D:\Teaching\CS2113\AY1819Sem2\website\schedule\week4\tutorial-cs2113.md
2019-02-02T03:43:17.641Z - info: Rebuilding 3 pages
2019-02-02T03:43:30.960Z - info: Pages rebuilt
2019-02-02T03:43:30.977Z - info: Site data built
2019-02-02T03:44:49.427Z - info: [11:44:49 AM] Reload for file change: D:\Teaching\CS2113\AY1819Sem2\website\schedule\week4\tutorial-cs2113.md
2019-02-02T03:44:50.430Z - verbose: Rebuild affected paths: D:\Teaching\CS2113\AY1819Sem2\website\schedule\week4\tutorial-cs2113.md
2019-02-02T03:44:50.437Z - info: Rebuilding 3 pages
2019-02-02T03:45:07.160Z - info: Pages rebuilt
2019-02-02T03:45:07.173Z - info: Site data built
2019-02-02T03:46:30.252Z - info: [11:46:30 AM] Reload for file change: D:\Teaching\CS2113\AY1819Sem2\website\schedule\week4\tutorial-cs2113.md
2019-02-02T03:46:31.256Z - verbose: Rebuild affected paths: D:\Teaching\CS2113\AY1819Sem2\website\schedule\week4\tutorial-cs2113.md
2019-02-02T03:46:31.261Z - info: Rebuilding 3 pages
2019-02-02T03:46:46.708Z - info: Pages rebuilt
2019-02-02T03:46:46.731Z - info: Site data built
2019-02-02T03:46:52.376Z - info: [11:46:52 AM] Reload for file change: D:\Teaching\CS2113\AY1819Sem2\website\schedule\week4\tutorial-cs2113.md
2019-02-02T03:46:53.378Z - verbose: Rebuild affected paths: D:\Teaching\CS2113\AY1819Sem2\website\schedule\week4\tutorial-cs2113.md
2019-02-02T03:46:53.383Z - info: Rebuilding 3 pages
2019-02-02T03:47:12.620Z - info: Pages rebuilt
2019-02-02T03:47:12.631Z - info: Site data built
2019-02-02T03:49:37.359Z - info: [11:49:37 AM] Reload for file change: D:\Teaching\CS2113\AY1819Sem2\website\schedule\week4\tutorial-cs2113.md
2019-02-02T03:49:38.362Z - verbose: Rebuild affected paths: D:\Teaching\CS2113\AY1819Sem2\website\schedule\week4\tutorial-cs2113.md
2019-02-02T03:49:38.366Z - info: Rebuilding 3 pages
2019-02-02T03:49:54.551Z - info: [11:49:54 AM] Reload for file change: D:\Teaching\CS2113\AY1819Sem2\website\schedule\week4\tutorial-cs2113.md
2019-02-02T03:49:58.795Z - info: Pages rebuilt
2019-02-02T03:49:58.830Z - info: Site data built
2019-02-02T03:49:58.958Z - verbose: Rebuild affected paths: D:\Teaching\CS2113\AY1819Sem2\website\schedule\week4\tutorial-cs2113.md
2019-02-02T03:49:58.962Z - info: Rebuilding 3 pages
2019-02-02T03:50:13.169Z - info: [11:50:13 AM] Reload for file change: D:\Teaching\CS2113\AY1819Sem2\website\schedule\week4\tutorial-cs2113.md
2019-02-02T03:50:22.265Z - info: Pages rebuilt
2019-02-02T03:50:22.282Z - info: Site data built
2019-02-02T03:50:22.378Z - verbose: Rebuild affected paths: D:\Teaching\CS2113\AY1819Sem2\website\schedule\week4\tutorial-cs2113.md
2019-02-02T03:50:22.381Z - info: Rebuilding 3 pages
2019-02-02T03:50:43.185Z - info: Pages rebuilt
2019-02-02T03:50:43.206Z - info: Site data built
2019-02-02T03:50:45.395Z - info: [11:50:45 AM] Reload for file change: D:\Teaching\CS2113\AY1819Sem2\website\schedule\week4\tutorial-cs2113.md
2019-02-02T03:50:46.428Z - verbose: Rebuild affected paths: D:\Teaching\CS2113\AY1819Sem2\website\schedule\week4\tutorial-cs2113.md
2019-02-02T03:50:46.432Z - info: Rebuilding 3 pages
2019-02-02T03:51:07.433Z - info: Pages rebuilt
2019-02-02T03:51:07.460Z - info: Site data built
2019-02-02T03:51:13.535Z - info: [11:51:13 AM] Reload for file change: D:\Teaching\CS2113\AY1819Sem2\website\schedule\week4\tutorial-cs2113.md
2019-02-02T03:51:14.535Z - verbose: Rebuild affected paths: D:\Teaching\CS2113\AY1819Sem2\website\schedule\week4\tutorial-cs2113.md
2019-02-02T03:51:14.541Z - info: Rebuilding 3 pages
2019-02-02T03:51:27.462Z - info: [11:51:27 AM] Reload for file change: D:\Teaching\CS2113\AY1819Sem2\website\schedule\week4\tutorial-cs2113.md
2019-02-02T03:51:36.441Z - info: Pages rebuilt
2019-02-02T03:51:36.456Z - info: Site data built
2019-02-02T03:51:36.525Z - verbose: Rebuild affected paths: D:\Teaching\CS2113\AY1819Sem2\website\schedule\week4\tutorial-cs2113.md
2019-02-02T03:51:36.528Z - info: Rebuilding 3 pages
2019-02-02T03:51:56.282Z - info: Pages rebuilt
2019-02-02T03:51:56.309Z - info: Site data built
2019-02-02T03:52:04.938Z - info: [11:52:04 AM] Reload for file change: D:\Teaching\CS2113\AY1819Sem2\website\schedule\week4\tutorial-cs2113.md
2019-02-02T03:52:05.946Z - verbose: Rebuild affected paths: D:\Teaching\CS2113\AY1819Sem2\website\schedule\week4\tutorial-cs2113.md
2019-02-02T03:52:05.948Z - info: Rebuilding 3 pages
2019-02-02T03:52:22.965Z - info: Pages rebuilt
2019-02-02T03:52:22.984Z - info: Site data built
2019-02-02T03:53:48.094Z - info: [11:53:48 AM] Reload for file change: D:\Teaching\CS2113\AY1819Sem2\website\schedule\week4\tutorial-cs2113.md
2019-02-02T03:53:49.095Z - verbose: Rebuild affected paths: D:\Teaching\CS2113\AY1819Sem2\website\schedule\week4\tutorial-cs2113.md
2019-02-02T03:53:49.102Z - info: Rebuilding 3 pages
2019-02-02T03:54:06.027Z - info: Pages rebuilt
2019-02-02T03:54:06.040Z - info: Site data built
2019-02-02T03:55:06.527Z - info: [11:55:06 AM] Reload for file change: D:\Teaching\CS2113\AY1819Sem2\website\schedule\week4\tutorial-cs2113.md
2019-02-02T03:55:07.530Z - verbose: Rebuild affected paths: D:\Teaching\CS2113\AY1819Sem2\website\schedule\week4\tutorial-cs2113.md
2019-02-02T03:55:07.537Z - info: Rebuilding 3 pages
2019-02-02T03:55:24.280Z - info: Pages rebuilt
2019-02-02T03:55:24.303Z - info: Site data built
2019-02-02T03:55:48.780Z - info: [11:55:48 AM] Reload for file change: D:\Teaching\CS2113\AY1819Sem2\website\schedule\week4\tutorial-cs2113.md
2019-02-02T03:55:49.781Z - verbose: Rebuild affected paths: D:\Teaching\CS2113\AY1819Sem2\website\schedule\week4\tutorial-cs2113.md
2019-02-02T03:55:49.784Z - info: Rebuilding 3 pages
2019-02-02T03:56:04.238Z - info: Pages rebuilt
2019-02-02T03:56:04.260Z - info: Site data built
2019-02-02T03:56:14.451Z - info: [11:56:14 AM] Reload for file change: D:\Teaching\CS2113\AY1819Sem2\website\schedule\week4\tutorial-cs2113.md
2019-02-02T03:56:15.455Z - verbose: Rebuild affected paths: D:\Teaching\CS2113\AY1819Sem2\website\schedule\week4\tutorial-cs2113.md
2019-02-02T03:56:15.463Z - info: Rebuilding 3 pages
2019-02-02T03:56:30.786Z - info: Pages rebuilt
2019-02-02T03:56:30.810Z - info: Site data built
2019-02-02T03:59:09.968Z - info: Website generation started at 11:59:08 AM
2019-02-02T03:59:11.186Z - info: Building assets...
2019-02-02T03:59:12.380Z - info: Assets built
2019-02-02T03:59:12.381Z - info: Generating pages...
2019-02-02T04:00:59.153Z - info: Pages built
2019-02-02T04:00:59.200Z - info: Site data built
2019-02-02T04:00:59.201Z - info: Website generation complete! Total build time: 110.658s
2019-02-02T04:00:59.202Z - info: Build success!
2019-02-02T04:00:59.202Z - info: Generate Site durationMs=110660
2019-02-02T11:40:38.146Z - info: Deployed!
2019-02-02T11:46:55.317Z - info: Website generation started at 7:46:54 PM
2019-02-02T11:46:56.291Z - info: Building assets...
