2018-07-26T05:01:05.671Z - info: Pages built
2018-07-26T05:01:05.778Z - info: Site data built
2018-07-26T05:01:05.778Z - info: Build success!
2018-07-26T05:01:05.779Z - info: Generate Site durationMs=55445
2018-07-26T05:01:41.403Z - info: Deployed!
2018-07-26T06:59:53.094Z - info: Pages built
2018-07-26T06:59:53.192Z - info: Site data built
2018-07-26T06:59:53.199Z - info: Generate Site durationMs=55953
2018-07-26T06:59:54.451Z - info: Serving "E:\Teaching\CS2113\website-base\_site" at http://127.0.0.1:59872
2018-07-26T06:59:54.451Z - info: Press CTRL+C to stop ...
2018-07-26T07:00:51.783Z - info: Reload for file change: E:\Teaching\CS2113\website-base\css\schedule.css
2018-07-26T07:00:52.805Z - info: Assets built
2018-07-26T07:56:30.641Z - info: Reload for file change: E:\Teaching\CS2113\website-base\css\schedule.css
2018-07-26T07:56:31.644Z - info: Assets built
2018-07-26T07:56:38.815Z - info: Reload for file change: E:\Teaching\CS2113\website-base\css\schedule.css
2018-07-26T07:56:39.819Z - info: Assets built
2018-07-26T07:57:42.704Z - info: Reload for file change: E:\Teaching\CS2113\website-base\css\schedule.css
2018-07-26T07:57:43.708Z - info: Assets built
2018-07-26T07:57:52.513Z - info: Reload for file change: E:\Teaching\CS2113\website-base\css\schedule.css
2018-07-26T07:57:53.524Z - info: Assets built
2018-07-26T07:58:00.833Z - info: Reload for file change: E:\Teaching\CS2113\website-base\css\schedule.css
2018-07-26T07:58:01.836Z - info: Assets built
2018-07-26T07:58:21.024Z - info: Reload for file change: E:\Teaching\CS2113\website-base\css\schedule.css
2018-07-26T07:58:22.036Z - info: Assets built
2018-07-26T08:38:43.507Z - info: Reload for file change: E:\Teaching\CS2113\website-base\common\header.md
2018-07-26T08:38:44.507Z - verbose: Rebuild affected paths: E:\Teaching\CS2113\website-base\common\header.md
2018-07-26T08:38:44.515Z - info: Rebuilding 89 pages
2018-07-26T08:40:05.688Z - info: Pages built
2018-07-26T08:40:05.779Z - info: Site data built
2018-07-26T08:40:05.789Z - info: Generate Site durationMs=51588
2018-07-26T08:40:06.036Z - info: Serving "E:\Teaching\CS2113\website-base\_site" at http://127.0.0.1:8080
2018-07-26T08:40:06.036Z - info: Press CTRL+C to stop ...
2018-07-26T08:56:41.396Z - info: Reload for file change: E:\Teaching\CS2113\website-base\schedule\index.md
2018-07-26T08:56:42.397Z - verbose: Rebuild affected paths: E:\Teaching\CS2113\website-base\schedule\index.md
2018-07-26T08:56:42.398Z - info: Rebuilding 2 pages
2018-07-26T08:56:50.173Z - info: Reload for file change: E:\Teaching\CS2113\website-base\schedule\index.md
2018-07-26T08:56:54.370Z - info: Pages rebuilt
2018-07-26T08:56:54.386Z - info: Site data built
2018-07-26T08:56:54.452Z - verbose: Rebuild affected paths: E:\Teaching\CS2113\website-base\schedule\index.md
2018-07-26T08:56:54.453Z - info: Rebuilding 2 pages
2018-07-26T08:57:07.033Z - info: Pages rebuilt
2018-07-26T08:57:07.040Z - info: Site data built
2018-07-26T08:58:13.107Z - info: Reload for file change: E:\Teaching\CS2113\website-base\schedule\index.md
2018-07-26T08:58:14.109Z - verbose: Rebuild affected paths: E:\Teaching\CS2113\website-base\schedule\index.md
2018-07-26T08:58:14.109Z - info: Rebuilding 2 pages
2018-07-26T08:58:25.390Z - info: Pages rebuilt
2018-07-26T08:58:25.398Z - info: Site data built
