2019-04-07T11:37:18.401Z - info: Website generation started at 7:37:16 PM
2019-04-07T11:37:20.288Z - info: Building assets...
2019-04-07T11:37:22.025Z - info: Assets built
2019-04-07T11:37:22.027Z - info: Generating pages...
2019-04-07T11:39:46.441Z - info: Pages built
2019-04-07T11:39:46.552Z - info: Site data built
2019-04-07T11:39:46.554Z - info: Website generation complete! Total build time: 150.133s
2019-04-07T11:39:46.584Z - info: Generate Site durationMs=150165
2019-04-07T11:39:46.613Z - info: Serving "D:\Teaching\CS2113\AY1819Sem2\website\_site" at http://127.0.0.1:8080
2019-04-07T11:39:46.614Z - info: Press CTRL+C to stop ...
2019-04-07T12:04:53.781Z - info: Website generation started at 8:04:52 PM
2019-04-07T12:04:55.109Z - info: Building assets...
2019-04-07T12:04:56.497Z - info: Assets built
2019-04-07T12:04:56.498Z - info: Generating pages...
2019-04-07T12:06:45.688Z - info: Pages built
2019-04-07T12:06:45.721Z - info: Site data built
2019-04-07T12:06:45.722Z - info: Website generation complete! Total build time: 113.396s
2019-04-07T12:06:45.754Z - info: Generate Site durationMs=113427
2019-04-07T12:06:45.775Z - info: Serving "D:\Teaching\CS2113\AY1819Sem2\website\_site" at http://127.0.0.1:8080
2019-04-07T12:06:45.776Z - info: Press CTRL+C to stop ...
2019-04-07T12:13:30.504Z - info: [8:13:30 PM] Reload for file change: D:\Teaching\CS2113\AY1819Sem2\website\admin\project-w13-v14.md
2019-04-07T12:13:31.511Z - verbose: Rebuild affected paths: D:\Teaching\CS2113\AY1819Sem2\website\admin\project-w13-v14.md
2019-04-07T12:13:31.518Z - info: Rebuilding 2 pages
2019-04-07T12:13:36.582Z - info: Pages rebuilt
2019-04-07T12:13:36.608Z - info: Site data built
2019-04-07T12:14:05.768Z - info: [8:14:05 PM] Reload for file change: D:\Teaching\CS2113\AY1819Sem2\website\schedule\index.md
2019-04-07T12:14:06.771Z - verbose: Rebuild affected paths: D:\Teaching\CS2113\AY1819Sem2\website\schedule\index.md
2019-04-07T12:14:06.773Z - info: Rebuilding 2 pages
2019-04-07T12:14:13.969Z - info: Pages rebuilt
2019-04-07T12:14:13.981Z - info: Site data built
2019-04-07T12:15:22.103Z - info: [8:15:22 PM] Reload for file change: D:\Teaching\CS2113\AY1819Sem2\website\admin\project-w13-v14.md
2019-04-07T12:15:23.107Z - verbose: Rebuild affected paths: D:\Teaching\CS2113\AY1819Sem2\website\admin\project-w13-v14.md
2019-04-07T12:15:23.112Z - info: Rebuilding 2 pages
2019-04-07T12:15:27.455Z - info: Pages rebuilt
2019-04-07T12:15:27.467Z - info: Site data built
2019-04-07T12:15:35.572Z - info: [8:15:35 PM] Reload for file add: D:\Teaching\CS2113\AY1819Sem2\website\schedule\week13\notices-cs2113.md
2019-04-07T12:15:36.573Z - verbose: Rebuild affected paths: D:\Teaching\CS2113\AY1819Sem2\website\schedule\week13\notices-cs2113.md
2019-04-07T12:15:36.576Z - info: Rebuilding 0 pages
2019-04-07T12:15:36.579Z - info: Pages rebuilt
2019-04-07T12:15:36.597Z - info: Site data built
2019-04-07T12:16:01.539Z - info: [8:16:01 PM] Reload for file deletion: D:\Teaching\CS2113\AY1819Sem2\website\schedule\week13\notices-cs2113.md
2019-04-07T12:16:02.542Z - verbose: Rebuild affected paths: D:\Teaching\CS2113\AY1819Sem2\website\schedule\week13\notices-cs2113.md
2019-04-07T12:16:02.546Z - info: Rebuilding 0 pages
2019-04-07T12:16:02.553Z - info: Pages rebuilt
2019-04-07T12:16:02.570Z - info: Site data built
2019-04-07T12:18:26.559Z - info: [8:18:26 PM] Reload for file add: D:\Teaching\CS2113\AY1819Sem2\website\schedule\week13\notices-cs2113.md
2019-04-07T12:18:27.561Z - verbose: Rebuild affected paths: D:\Teaching\CS2113\AY1819Sem2\website\schedule\week13\notices-cs2113.md
2019-04-07T12:18:27.567Z - info: Rebuilding 0 pages
2019-04-07T12:18:27.572Z - info: Pages rebuilt
2019-04-07T12:18:27.592Z - info: Site data built
2019-04-07T12:18:29.414Z - info: [8:18:29 PM] Reload for file change: D:\Teaching\CS2113\AY1819Sem2\website\schedule\week13\notices-cs2113.md
2019-04-07T12:18:30.416Z - verbose: Rebuild affected paths: D:\Teaching\CS2113\AY1819Sem2\website\schedule\week13\notices-cs2113.md
2019-04-07T12:18:30.419Z - info: Rebuilding 0 pages
2019-04-07T12:18:30.422Z - info: Pages rebuilt
2019-04-07T12:18:30.443Z - info: Site data built
2019-04-07T12:18:37.329Z - info: [8:18:37 PM] Reload for file add: D:\Teaching\CS2113\AY1819Sem2\website\schedule\week13\tutorial-cs2113.md
2019-04-07T12:18:38.330Z - verbose: Rebuild affected paths: D:\Teaching\CS2113\AY1819Sem2\website\schedule\week13\tutorial-cs2113.md
2019-04-07T12:18:38.334Z - info: Rebuilding 0 pages
2019-04-07T12:18:38.336Z - info: Pages rebuilt
2019-04-07T12:18:38.353Z - info: Site data built
2019-04-07T12:19:12.820Z - info: [8:19:12 PM] Reload for file change: D:\Teaching\CS2113\AY1819Sem2\website\schedule\week13\tutorial-cs2113.md
2019-04-07T12:19:13.822Z - verbose: Rebuild affected paths: D:\Teaching\CS2113\AY1819Sem2\website\schedule\week13\tutorial-cs2113.md
2019-04-07T12:19:13.829Z - info: Rebuilding 0 pages
2019-04-07T12:19:13.865Z - info: Pages rebuilt
2019-04-07T12:19:13.888Z - info: Site data built
2019-04-07T12:20:58.329Z - info: [8:20:58 PM] Reload for file change: D:\Teaching\CS2113\AY1819Sem2\website\schedule\week13\tutorial-cs2113.md
2019-04-07T12:29:18.213Z - info: Website generation started at 8:29:16 PM
2019-04-07T12:29:19.443Z - info: Building assets...
2019-04-07T12:29:21.039Z - info: Assets built
2019-04-07T12:29:21.040Z - info: Generating pages...
2019-04-07T12:31:44.635Z - info: Pages built
2019-04-07T12:31:44.680Z - info: Site data built
2019-04-07T12:31:44.681Z - info: Website generation complete! Total build time: 147.931s
2019-04-07T12:31:44.710Z - info: Generate Site durationMs=147955
2019-04-07T12:31:44.729Z - info: Serving "D:\Teaching\CS2113\AY1819Sem2\website\_site" at http://127.0.0.1:8080
2019-04-07T12:31:44.731Z - info: Press CTRL+C to stop ...
2019-04-07T12:47:58.338Z - info: [8:47:58 PM] Reload for file change: D:\Teaching\CS2113\AY1819Sem2\website\schedule\week12\notices-cs2113.md
2019-04-07T12:47:59.342Z - verbose: Rebuild affected paths: D:\Teaching\CS2113\AY1819Sem2\website\schedule\week12\notices-cs2113.md
2019-04-07T12:47:59.350Z - info: Rebuilding 3 pages
2019-04-07T12:48:09.264Z - info: Pages rebuilt
2019-04-07T12:48:09.272Z - info: Site data built
2019-04-07T12:48:52.324Z - info: Website generation started at 8:48:50 PM
2019-04-07T12:48:53.573Z - info: Building assets...
