2019-03-06T22:56:54.603Z - info: Website generation started at 6:56:52 AM
2019-03-06T22:56:56.326Z - info: Building assets...
2019-03-06T22:56:58.333Z - info: Assets built
2019-03-06T22:56:58.334Z - info: Generating pages...
2019-03-06T22:59:16.590Z - info: Pages built
2019-03-06T22:59:16.708Z - info: Site data built
2019-03-06T22:59:16.709Z - info: Website generation complete! Total build time: 143.927s
2019-03-06T22:59:16.740Z - info: Generate Site durationMs=143959
2019-03-06T22:59:16.769Z - info: Serving "D:\Teaching\CS2113\AY1819Sem2\website\_site" at http://127.0.0.1:8080
2019-03-06T22:59:16.770Z - info: Press CTRL+C to stop ...
2019-03-06T23:06:20.951Z - info: [7:06:20 AM] Reload for file add: D:\Teaching\CS2113\AY1819Sem2\website\schedule\week8\tutorial-cs2113.md
2019-03-06T23:06:20.956Z - info: [7:06:20 AM] Reload for file change: D:\Teaching\CS2113\AY1819Sem2\website\schedule\week8\tutorial-cs2113.md
2019-03-06T23:06:21.953Z - verbose: Rebuild affected paths: D:\Teaching\CS2113\AY1819Sem2\website\schedule\week8\tutorial-cs2113.md
2019-03-06T23:06:21.956Z - info: Rebuilding 0 pages
2019-03-06T23:06:21.958Z - info: Pages rebuilt
2019-03-06T23:06:21.968Z - info: Site data built
2019-03-06T23:07:14.712Z - info: [7:07:14 AM] Reload for file change: D:\Teaching\CS2113\AY1819Sem2\website\schedule\week8\tutorial-cs2113.md
2019-03-06T23:07:15.719Z - verbose: Rebuild affected paths: D:\Teaching\CS2113\AY1819Sem2\website\schedule\week8\tutorial-cs2113.md
2019-03-06T23:07:15.726Z - info: Rebuilding 0 pages
2019-03-06T23:07:15.729Z - info: Pages rebuilt
2019-03-06T23:07:15.742Z - info: Site data built
2019-03-06T23:10:17.888Z - info: [7:10:17 AM] Reload for file change: D:\Teaching\CS2113\AY1819Sem2\website\schedule\week8\tutorial-cs2113.md
2019-03-06T23:10:18.893Z - verbose: Rebuild affected paths: D:\Teaching\CS2113\AY1819Sem2\website\schedule\week8\tutorial-cs2113.md
2019-03-06T23:10:18.898Z - info: Rebuilding 0 pages
2019-03-06T23:10:18.899Z - info: Pages rebuilt
2019-03-06T23:10:18.919Z - info: Site data built
2019-03-06T23:10:27.486Z - info: Website generation started at 7:10:25 AM
2019-03-06T23:10:28.700Z - info: Building assets...
2019-03-06T23:10:29.921Z - info: Assets built
2019-03-06T23:10:29.922Z - info: Generating pages...
2019-03-06T23:10:33.376Z - error:  Error: No such file: D:\Teaching\CS2113\AY1819Sem2\website\schedule\week8\appendixE-gitHub.md
Missing reference in D:\Teaching\CS2113\AY1819Sem2\website\schedule\week8\tutorial-cs2113.md
    at Parser._preprocess (C:\Users\anarayan\AppData\Roaming\npm\node_modules\markbind-cli\src\lib\markbind\src\parser.js:145:21)
    at element.children.element.children.map.e (C:\Users\anarayan\AppData\Roaming\npm\node_modules\markbind-cli\src\lib\markbind\src\parser.js:269:57)
    at Array.map (<anonymous>)
    at Parser._preprocess (C:\Users\anarayan\AppData\Roaming\npm\node_modules\markbind-cli\src\lib\markbind\src\parser.js:269:43)
    at element.children.element.children.map.e (C:\Users\anarayan\AppData\Roaming\npm\node_modules\markbind-cli\src\lib\markbind\src\parser.js:284:57)
    at Array.map (<anonymous>)
    at Parser._preprocess (C:\Users\anarayan\AppData\Roaming\npm\node_modules\markbind-cli\src\lib\markbind\src\parser.js:284:43)
    at element.children.element.children.map.e (C:\Users\anarayan\AppData\Roaming\npm\node_modules\markbind-cli\src\lib\markbind\src\parser.js:284:57)
    at Array.map (<anonymous>)
    at Parser._preprocess (C:\Users\anarayan\AppData\Roaming\npm\node_modules\markbind-cli\src\lib\markbind\src\parser.js:284:43)
    at element.children.element.children.map.e (C:\Users\anarayan\AppData\Roaming\npm\node_modules\markbind-cli\src\lib\markbind\src\parser.js:284:57)
    at Array.map (<anonymous>)
    at Parser._preprocess (C:\Users\anarayan\AppData\Roaming\npm\node_modules\markbind-cli\src\lib\markbind\src\parser.js:284:43)
    at element.children.element.children.map.e (C:\Users\anarayan\AppData\Roaming\npm\node_modules\markbind-cli\src\lib\markbind\src\parser.js:269:57)
    at Array.map (<anonymous>)
    at Parser._preprocess (C:\Users\anarayan\AppData\Roaming\npm\node_modules\markbind-cli\src\lib\markbind\src\parser.js:269:43)
2019-03-06T23:10:48.154Z - error:  Error: No such file: D:\Teaching\CS2113\AY1819Sem2\website\schedule\week8\appendixE-gitHub.md
Missing reference in D:\Teaching\CS2113\AY1819Sem2\website\schedule\week8\tutorial-cs2113.md
    at Parser._preprocess (C:\Users\anarayan\AppData\Roaming\npm\node_modules\markbind-cli\src\lib\markbind\src\parser.js:145:21)
    at element.children.element.children.map.e (C:\Users\anarayan\AppData\Roaming\npm\node_modules\markbind-cli\src\lib\markbind\src\parser.js:269:57)
    at Array.map (<anonymous>)
    at Parser._preprocess (C:\Users\anarayan\AppData\Roaming\npm\node_modules\markbind-cli\src\lib\markbind\src\parser.js:269:43)
    at element.children.element.children.map.e (C:\Users\anarayan\AppData\Roaming\npm\node_modules\markbind-cli\src\lib\markbind\src\parser.js:284:57)
    at Array.map (<anonymous>)
    at Parser._preprocess (C:\Users\anarayan\AppData\Roaming\npm\node_modules\markbind-cli\src\lib\markbind\src\parser.js:284:43)
    at element.children.element.children.map.e (C:\Users\anarayan\AppData\Roaming\npm\node_modules\markbind-cli\src\lib\markbind\src\parser.js:284:57)
    at Array.map (<anonymous>)
    at Parser._preprocess (C:\Users\anarayan\AppData\Roaming\npm\node_modules\markbind-cli\src\lib\markbind\src\parser.js:284:43)
    at element.children.element.children.map.e (C:\Users\anarayan\AppData\Roaming\npm\node_modules\markbind-cli\src\lib\markbind\src\parser.js:284:57)
    at Array.map (<anonymous>)
    at Parser._preprocess (C:\Users\anarayan\AppData\Roaming\npm\node_modules\markbind-cli\src\lib\markbind\src\parser.js:284:43)
    at element.children.element.children.map.e (C:\Users\anarayan\AppData\Roaming\npm\node_modules\markbind-cli\src\lib\markbind\src\parser.js:284:57)
    at Array.map (<anonymous>)
    at Parser._preprocess (C:\Users\anarayan\AppData\Roaming\npm\node_modules\markbind-cli\src\lib\markbind\src\parser.js:284:43)
2019-03-06T23:11:43.626Z - error:  Error: No such file: D:\Teaching\CS2113\AY1819Sem2\website\schedule\week8\appendixE-gitHub.md
Missing reference in D:\Teaching\CS2113\AY1819Sem2\website\schedule\week8\tutorial-cs2113.md
    at Parser._preprocess (C:\Users\anarayan\AppData\Roaming\npm\node_modules\markbind-cli\src\lib\markbind\src\parser.js:145:21)
    at element.children.element.children.map.e (C:\Users\anarayan\AppData\Roaming\npm\node_modules\markbind-cli\src\lib\markbind\src\parser.js:269:57)
    at Array.map (<anonymous>)
    at Parser._preprocess (C:\Users\anarayan\AppData\Roaming\npm\node_modules\markbind-cli\src\lib\markbind\src\parser.js:269:43)
    at element.children.element.children.map.e (C:\Users\anarayan\AppData\Roaming\npm\node_modules\markbind-cli\src\lib\markbind\src\parser.js:284:57)
    at Array.map (<anonymous>)
    at Parser._preprocess (C:\Users\anarayan\AppData\Roaming\npm\node_modules\markbind-cli\src\lib\markbind\src\parser.js:284:43)
    at element.children.element.children.map.e (C:\Users\anarayan\AppData\Roaming\npm\node_modules\markbind-cli\src\lib\markbind\src\parser.js:284:57)
    at Array.map (<anonymous>)
    at Parser._preprocess (C:\Users\anarayan\AppData\Roaming\npm\node_modules\markbind-cli\src\lib\markbind\src\parser.js:284:43)
    at element.children.element.children.map.e (C:\Users\anarayan\AppData\Roaming\npm\node_modules\markbind-cli\src\lib\markbind\src\parser.js:284:57)
    at Array.map (<anonymous>)
    at Parser._preprocess (C:\Users\anarayan\AppData\Roaming\npm\node_modules\markbind-cli\src\lib\markbind\src\parser.js:284:43)
    at element.children.element.children.map.e (C:\Users\anarayan\AppData\Roaming\npm\node_modules\markbind-cli\src\lib\markbind\src\parser.js:284:57)
    at Array.map (<anonymous>)
    at Parser._preprocess (C:\Users\anarayan\AppData\Roaming\npm\node_modules\markbind-cli\src\lib\markbind\src\parser.js:284:43)
2019-03-06T23:12:45.752Z - info: Pages built
2019-03-06T23:12:45.804Z - info: Site data built
2019-03-06T23:12:45.805Z - info: Website generation complete! Total build time: 139.843s
2019-03-06T23:12:45.840Z - info: Generate Site durationMs=139877
2019-03-06T23:12:45.862Z - info: Serving "D:\Teaching\CS2113\AY1819Sem2\website\_site" at http://127.0.0.1:8080
2019-03-06T23:12:45.863Z - info: Press CTRL+C to stop ...
2019-03-07T04:59:00.704Z - info: Website generation started at 12:58:58 PM
2019-03-07T04:59:02.066Z - info: Building assets...
2019-03-07T04:59:03.369Z - info: Assets built
2019-03-07T04:59:03.370Z - info: Generating pages...
2019-03-07T05:01:29.240Z - info: Pages built
2019-03-07T05:01:29.278Z - info: Site data built
2019-03-07T05:01:29.279Z - info: Website generation complete! Total build time: 150.853s
2019-03-07T05:01:29.310Z - info: Generate Site durationMs=150885
2019-03-07T05:01:29.356Z - info: Serving "D:\Teaching\CS2113\AY1819Sem2\website\_site" at http://127.0.0.1:8080
2019-03-07T05:01:29.358Z - info: Press CTRL+C to stop ...
2019-03-07T05:02:03.197Z - info: [1:02:03 PM] Reload for file change: D:\Teaching\CS2113\AY1819Sem2\website\schedule\week8\tutorial-cs2113.md
2019-03-07T05:02:04.203Z - verbose: Rebuild affected paths: D:\Teaching\CS2113\AY1819Sem2\website\schedule\week8\tutorial-cs2113.md
2019-03-07T05:02:04.216Z - info: Rebuilding 3 pages
2019-03-07T05:02:08.694Z - info: Pages rebuilt
2019-03-07T05:02:08.712Z - info: Site data built
2019-03-07T05:04:27.149Z - info: [1:04:27 PM] Reload for file change: D:\Teaching\CS2113\AY1819Sem2\website\schedule\week8\tutorial-cs2113.md
2019-03-07T05:04:28.151Z - verbose: Rebuild affected paths: D:\Teaching\CS2113\AY1819Sem2\website\schedule\week8\tutorial-cs2113.md
2019-03-07T05:04:28.158Z - info: Rebuilding 3 pages
2019-03-07T05:04:33.920Z - info: Pages rebuilt
2019-03-07T05:04:33.940Z - info: Site data built
2019-03-07T05:05:15.710Z - info: [1:05:15 PM] Reload for file change: D:\Teaching\CS2113\AY1819Sem2\website\schedule\week8\tutorial-cs2113.md
2019-03-07T05:05:16.711Z - verbose: Rebuild affected paths: D:\Teaching\CS2113\AY1819Sem2\website\schedule\week8\tutorial-cs2113.md
2019-03-07T05:05:16.718Z - info: Rebuilding 3 pages
2019-03-07T05:05:24.562Z - info: Pages rebuilt
2019-03-07T05:05:24.574Z - info: Site data built
2019-03-07T05:18:35.590Z - info: [1:18:35 PM] Reload for file change: D:\Teaching\CS2113\AY1819Sem2\website\schedule\week8\tutorial-cs2113.md
2019-03-07T05:18:36.599Z - verbose: Rebuild affected paths: D:\Teaching\CS2113\AY1819Sem2\website\schedule\week8\tutorial-cs2113.md
2019-03-07T05:18:36.604Z - info: Rebuilding 3 pages
2019-03-07T05:18:43.425Z - info: Pages rebuilt
2019-03-07T05:18:43.442Z - info: Site data built
2019-03-07T05:20:05.743Z - info: [1:20:05 PM] Reload for file change: D:\Teaching\CS2113\AY1819Sem2\website\schedule\week8\tutorial-cs2113.md
2019-03-07T05:20:06.747Z - verbose: Rebuild affected paths: D:\Teaching\CS2113\AY1819Sem2\website\schedule\week8\tutorial-cs2113.md
2019-03-07T05:20:06.761Z - info: Rebuilding 3 pages
2019-03-07T05:20:12.529Z - info: Pages rebuilt
2019-03-07T05:20:12.543Z - info: Site data built
2019-03-07T05:20:35.899Z - info: [1:20:35 PM] Reload for file change: D:\Teaching\CS2113\AY1819Sem2\website\schedule\week8\tutorial-cs2113.md
2019-03-07T05:20:36.901Z - verbose: Rebuild affected paths: D:\Teaching\CS2113\AY1819Sem2\website\schedule\week8\tutorial-cs2113.md
2019-03-07T05:20:36.905Z - info: Rebuilding 3 pages
2019-03-07T05:20:43.698Z - info: Pages rebuilt
2019-03-07T05:20:43.707Z - info: Site data built
2019-03-07T05:24:10.808Z - info: [1:24:10 PM] Reload for file change: D:\Teaching\CS2113\AY1819Sem2\website\schedule\week8\tutorial-cs2113.md
2019-03-07T05:24:11.810Z - verbose: Rebuild affected paths: D:\Teaching\CS2113\AY1819Sem2\website\schedule\week8\tutorial-cs2113.md
2019-03-07T05:24:11.814Z - info: Rebuilding 3 pages
2019-03-07T05:24:18.551Z - info: Pages rebuilt
2019-03-07T05:24:18.560Z - info: Site data built
2019-03-07T06:22:59.899Z - info: [2:22:59 PM] Reload for file change: D:\Teaching\CS2113\AY1819Sem2\website\schedule\week8\tutorial-cs2113.md
2019-03-07T06:23:00.902Z - verbose: Rebuild affected paths: D:\Teaching\CS2113\AY1819Sem2\website\schedule\week8\tutorial-cs2113.md
2019-03-07T06:23:00.912Z - info: Rebuilding 3 pages
2019-03-07T06:23:07.507Z - info: Pages rebuilt
2019-03-07T06:23:07.528Z - info: Site data built
2019-03-07T06:49:49.626Z - info: [2:49:49 PM] Reload for file change: D:\Teaching\CS2113\AY1819Sem2\website\schedule\week8\tutorial-cs2113.md
2019-03-07T06:49:50.627Z - verbose: Rebuild affected paths: D:\Teaching\CS2113\AY1819Sem2\website\schedule\week8\tutorial-cs2113.md
2019-03-07T06:49:50.631Z - info: Rebuilding 3 pages
2019-03-07T06:49:56.604Z - info: Pages rebuilt
2019-03-07T06:49:56.619Z - info: Site data built
2019-03-07T06:57:31.864Z - info: [2:57:31 PM] Reload for file change: D:\Teaching\CS2113\AY1819Sem2\website\schedule\week8\tutorial-cs2113.md
2019-03-07T06:57:32.866Z - verbose: Rebuild affected paths: D:\Teaching\CS2113\AY1819Sem2\website\schedule\week8\tutorial-cs2113.md
2019-03-07T06:57:32.873Z - info: Rebuilding 3 pages
2019-03-07T06:57:39.382Z - info: Pages rebuilt
2019-03-07T06:57:39.413Z - info: Site data built
2019-03-07T06:58:22.696Z - info: [2:58:22 PM] Reload for file change: D:\Teaching\CS2113\AY1819Sem2\website\schedule\week8\tutorial-cs2113.md
2019-03-07T06:58:23.699Z - verbose: Rebuild affected paths: D:\Teaching\CS2113\AY1819Sem2\website\schedule\week8\tutorial-cs2113.md
2019-03-07T06:58:23.706Z - info: Rebuilding 3 pages
2019-03-07T06:58:30.867Z - info: Pages rebuilt
2019-03-07T06:58:30.882Z - info: Site data built
2019-03-07T06:59:16.684Z - info: Website generation started at 2:59:14 PM
2019-03-07T06:59:18.853Z - info: Building assets...
2019-03-07T06:59:20.397Z - info: Assets built
2019-03-07T06:59:20.398Z - info: Generating pages...
2019-03-07T07:01:39.850Z - info: Pages built
2019-03-07T07:01:39.888Z - info: Site data built
2019-03-07T07:01:39.890Z - info: Website generation complete! Total build time: 144.899s
2019-03-07T07:01:39.890Z - info: Build success!
2019-03-07T07:01:39.891Z - info: Generate Site durationMs=144902
2019-03-07T07:03:16.099Z - info: Deployed!
