2019-03-25T06:07:01.668Z - info: Website generation started at 2:07:00 PM
2019-03-25T06:07:03.170Z - info: Building assets...
2019-03-25T06:07:04.720Z - info: Assets built
2019-03-25T06:07:04.721Z - info: Generating pages...
2019-03-25T06:09:28.135Z - info: Pages built
2019-03-25T06:09:28.278Z - info: Site data built
2019-03-25T06:09:28.279Z - info: Website generation complete! Total build time: 148.271s
2019-03-25T06:09:28.304Z - info: Generate Site durationMs=148297
2019-03-25T06:09:28.352Z - info: Serving "D:\Teaching\CS2113\AY1819Sem2\website\_site" at http://127.0.0.1:8080
2019-03-25T06:09:28.354Z - info: Press CTRL+C to stop ...
2019-03-25T06:11:51.077Z - info: [2:11:51 PM] Reload for file change: D:\Teaching\CS2113\AY1819Sem2\website\schedule\week11\tutorial-cs2113.md
2019-03-25T06:11:52.080Z - verbose: Rebuild affected paths: D:\Teaching\CS2113\AY1819Sem2\website\schedule\week11\tutorial-cs2113.md
2019-03-25T06:11:52.083Z - info: Rebuilding 1 pages
2019-03-25T06:11:55.324Z - info: Pages rebuilt
2019-03-25T06:11:55.337Z - info: Site data built
2019-03-25T06:12:29.118Z - info: [2:12:29 PM] Reload for file add: D:\Teaching\CS2113\AY1819Sem2\website\schedule\week11\notices-cs2113.md
2019-03-25T06:12:30.120Z - verbose: Rebuild affected paths: D:\Teaching\CS2113\AY1819Sem2\website\schedule\week11\notices-cs2113.md
2019-03-25T06:12:30.123Z - info: Rebuilding 0 pages
2019-03-25T06:12:30.125Z - info: Pages rebuilt
2019-03-25T06:12:30.136Z - info: Site data built
2019-03-25T06:13:33.847Z - info: [2:13:33 PM] Reload for file change: D:\Teaching\CS2113\AY1819Sem2\website\schedule\week11\notices-cs2113.md
2019-03-25T06:13:34.847Z - verbose: Rebuild affected paths: D:\Teaching\CS2113\AY1819Sem2\website\schedule\week11\notices-cs2113.md
2019-03-25T06:13:34.851Z - info: Rebuilding 0 pages
2019-03-25T06:13:34.852Z - info: Pages rebuilt
2019-03-25T06:13:34.860Z - info: Site data built
2019-03-25T06:26:12.608Z - info: [2:26:12 PM] Reload for file change: D:\Teaching\CS2113\AY1819Sem2\website\schedule\week11\notices-cs2113.md
2019-03-25T06:26:13.610Z - verbose: Rebuild affected paths: D:\Teaching\CS2113\AY1819Sem2\website\schedule\week11\notices-cs2113.md
2019-03-25T06:26:13.617Z - info: Rebuilding 0 pages
2019-03-25T06:26:13.623Z - info: Pages rebuilt
2019-03-25T06:26:13.642Z - info: Site data built
2019-03-25T06:26:36.644Z - info: [2:26:36 PM] Reload for file change: D:\Teaching\CS2113\AY1819Sem2\website\schedule\week11\notices-cs2113.md
2019-03-25T06:26:37.646Z - verbose: Rebuild affected paths: D:\Teaching\CS2113\AY1819Sem2\website\schedule\week11\notices-cs2113.md
2019-03-25T06:26:37.652Z - info: Rebuilding 0 pages
2019-03-25T06:26:37.655Z - info: Pages rebuilt
2019-03-25T06:26:37.678Z - info: Site data built
2019-03-25T06:27:52.354Z - info: [2:27:52 PM] Reload for file change: D:\Teaching\CS2113\AY1819Sem2\website\schedule\week11\notices-cs2113.md
2019-03-25T06:28:02.654Z - info: Website generation started at 2:28:01 PM
2019-03-25T06:28:03.882Z - info: Building assets...
2019-03-25T06:28:05.410Z - info: Assets built
2019-03-25T06:28:05.411Z - info: Generating pages...
2019-03-25T06:30:08.664Z - info: Pages built
2019-03-25T06:30:08.708Z - info: Site data built
2019-03-25T06:30:08.709Z - info: Website generation complete! Total build time: 127.49s
2019-03-25T06:30:08.735Z - info: Generate Site durationMs=127517
2019-03-25T06:30:08.754Z - info: Serving "D:\Teaching\CS2113\AY1819Sem2\website\_site" at http://127.0.0.1:8080
2019-03-25T06:30:08.755Z - info: Press CTRL+C to stop ...
2019-03-25T06:37:51.071Z - info: [2:37:51 PM] Reload for file change: D:\Teaching\CS2113\AY1819Sem2\website\schedule\week11\notices-cs2113.md
2019-03-25T06:37:52.075Z - verbose: Rebuild affected paths: D:\Teaching\CS2113\AY1819Sem2\website\schedule\week11\notices-cs2113.md
2019-03-25T06:37:52.082Z - info: Rebuilding 1 pages
2019-03-25T06:37:56.528Z - info: Pages rebuilt
2019-03-25T06:37:56.552Z - info: Site data built
2019-03-25T06:39:20.471Z - info: [2:39:20 PM] Reload for file change: D:\Teaching\CS2113\AY1819Sem2\website\schedule\week11\notices-cs2113.md
2019-03-25T06:39:21.473Z - verbose: Rebuild affected paths: D:\Teaching\CS2113\AY1819Sem2\website\schedule\week11\notices-cs2113.md
2019-03-25T06:39:21.481Z - info: Rebuilding 1 pages
2019-03-25T06:39:25.648Z - info: Pages rebuilt
2019-03-25T06:39:25.664Z - info: Site data built
2019-03-25T06:42:03.633Z - info: [2:42:03 PM] Reload for file change: D:\Teaching\CS2113\AY1819Sem2\website\schedule\week11\notices-cs2113.md
2019-03-25T06:42:04.634Z - verbose: Rebuild affected paths: D:\Teaching\CS2113\AY1819Sem2\website\schedule\week11\notices-cs2113.md
2019-03-25T06:42:04.640Z - info: Rebuilding 1 pages
2019-03-25T06:42:08.843Z - info: Pages rebuilt
2019-03-25T06:42:08.856Z - info: Site data built
2019-03-25T06:43:41.683Z - info: [2:43:41 PM] Reload for file change: D:\Teaching\CS2113\AY1819Sem2\website\schedule\week11\notices-cs2113.md
2019-03-25T06:43:42.687Z - verbose: Rebuild affected paths: D:\Teaching\CS2113\AY1819Sem2\website\schedule\week11\notices-cs2113.md
2019-03-25T06:43:42.691Z - info: Rebuilding 1 pages
2019-03-25T06:43:46.189Z - info: Pages rebuilt
2019-03-25T06:43:46.213Z - info: Site data built
2019-03-25T06:54:24.187Z - info: [2:54:24 PM] Reload for file change: D:\Teaching\CS2113\AY1819Sem2\website\schedule\week11\notices-cs2113.md
2019-03-25T06:54:25.194Z - verbose: Rebuild affected paths: D:\Teaching\CS2113\AY1819Sem2\website\schedule\week11\notices-cs2113.md
2019-03-25T06:54:25.199Z - info: Rebuilding 1 pages
2019-03-25T06:54:28.926Z - info: Pages rebuilt
2019-03-25T06:54:28.945Z - info: Site data built
2019-03-25T06:54:37.239Z - info: [2:54:37 PM] Reload for file change: D:\Teaching\CS2113\AY1819Sem2\website\schedule\week11\notices-cs2113.md
2019-03-25T06:54:38.241Z - verbose: Rebuild affected paths: D:\Teaching\CS2113\AY1819Sem2\website\schedule\week11\notices-cs2113.md
2019-03-25T06:54:38.244Z - info: Rebuilding 1 pages
2019-03-25T06:54:41.164Z - info: Pages rebuilt
2019-03-25T06:54:41.176Z - info: Site data built
2019-03-25T07:05:31.123Z - info: [3:05:31 PM] Reload for file change: D:\Teaching\CS2113\AY1819Sem2\website\schedule\week11\notices-cs2113.md
2019-03-25T07:05:32.130Z - verbose: Rebuild affected paths: D:\Teaching\CS2113\AY1819Sem2\website\schedule\week11\notices-cs2113.md
2019-03-25T07:05:32.136Z - info: Rebuilding 1 pages
2019-03-25T07:05:35.470Z - info: Pages rebuilt
2019-03-25T07:05:35.503Z - info: Site data built
2019-03-25T07:11:09.645Z - info: Website generation started at 3:11:07 PM
2019-03-25T07:11:11.055Z - info: Building assets...
2019-03-25T07:11:12.506Z - info: Assets built
2019-03-25T07:11:12.508Z - info: Generating pages...
2019-03-25T07:13:33.147Z - info: Pages built
2019-03-25T07:13:33.178Z - info: Site data built
2019-03-25T07:13:33.179Z - info: Website generation complete! Total build time: 145.325s
2019-03-25T07:13:33.180Z - info: Build success!
2019-03-25T07:13:33.180Z - info: Generate Site durationMs=145326
2019-03-25T07:14:26.822Z - info: Deployed!
2019-03-25T08:01:18.006Z - info: Website generation started at 4:01:17 PM
2019-03-25T08:01:18.872Z - info: Building assets...
2019-03-25T08:01:19.926Z - info: Assets built
2019-03-25T08:01:19.928Z - info: Generating pages...
2019-03-25T08:02:40.887Z - info: Pages built
2019-03-25T08:02:40.927Z - info: Site data built
2019-03-25T08:02:40.928Z - info: Website generation complete! Total build time: 83.765s
2019-03-25T08:02:40.929Z - info: Build success!
2019-03-25T08:02:40.929Z - info: Generate Site durationMs=83767
2019-03-25T08:03:22.927Z - info: Deployed!
2019-03-25T08:10:35.302Z - info: Website generation started at 4:10:34 PM
2019-03-25T08:10:36.463Z - info: Building assets...
2019-03-25T08:10:37.430Z - info: Assets built
2019-03-25T08:10:37.430Z - info: Generating pages...
2019-03-25T08:11:51.962Z - info: Pages built
2019-03-25T08:11:51.983Z - info: Site data built
2019-03-25T08:11:51.984Z - info: Website generation complete! Total build time: 77.663s
2019-03-25T08:11:51.984Z - info: Build success!
2019-03-25T08:11:51.985Z - info: Generate Site durationMs=77664
2019-03-25T08:12:42.077Z - info: Deployed!
2019-03-25T08:46:50.570Z - info: Website generation started at 4:46:49 PM
2019-03-25T08:46:51.587Z - info: Building assets...
