2019-01-29T02:44:28.357Z - info: Website generation started at 10:44:24
2019-01-29T02:44:29.613Z - info: Building assets...
2019-01-29T02:44:31.279Z - info: Assets built
2019-01-29T02:44:31.279Z - info: Generating pages...
2019-01-29T02:45:41.800Z - info: Pages built
2019-01-29T02:45:41.907Z - info: Site data built
2019-01-29T02:45:41.908Z - info: Website generation complete! Total build time: 77.011s
2019-01-29T02:45:41.915Z - info: Generate Site durationMs=77019
2019-01-29T02:45:42.160Z - info: Serving "E:\Teaching\CS2113-AY1819Sem2\website\_site" at http://127.0.0.1:8080
2019-01-29T02:45:42.161Z - info: Press CTRL+C to stop ...
2019-01-29T03:00:30.890Z - info: [11:00:30] Reload for file change: E:\Teaching\CS2113-AY1819Sem2\website\schedule\week4\notices-cs2113.md
2019-01-29T03:00:30.895Z - info: [11:00:30] Reload for file change: E:\Teaching\CS2113-AY1819Sem2\website\schedule\week6\notices-cs2103.md
2019-01-29T03:00:31.892Z - verbose: Rebuild affected paths: E:\Teaching\CS2113-AY1819Sem2\website\schedule\week4\notices-cs2113.md,E:\Teaching\CS2113-AY1819Sem2\website\schedule\week6\notices-cs2103.md
2019-01-29T03:00:31.897Z - info: Rebuilding 3 pages
2019-01-29T03:00:35.586Z - info: Pages rebuilt
2019-01-29T03:00:35.594Z - info: Site data built
2019-01-29T03:06:33.040Z - info: [11:06:33] Reload for file change: E:\Teaching\CS2113-AY1819Sem2\website\schedule\index.md
2019-01-29T03:06:34.042Z - verbose: Rebuild affected paths: E:\Teaching\CS2113-AY1819Sem2\website\schedule\index.md
2019-01-29T03:06:34.046Z - info: Rebuilding 2 pages
2019-01-29T03:06:36.655Z - info: Pages rebuilt
2019-01-29T03:06:36.665Z - info: Site data built
2019-01-29T03:09:40.381Z - info: [11:09:40] Reload for file change: E:\Teaching\CS2113-AY1819Sem2\website\schedule\index.md
2019-01-29T03:09:41.384Z - verbose: Rebuild affected paths: E:\Teaching\CS2113-AY1819Sem2\website\schedule\index.md
2019-01-29T03:09:41.385Z - info: Rebuilding 2 pages
2019-01-29T03:09:41.416Z - error:  Template render error: (unknown path) [Line 152, Column 7]
  parseAggregate: expected comma after expression
Error while preprocessing 'E:\Teaching\CS2113-AY1819Sem2\website\index.md'
    at Object._prettifyError (C:\Users\dcsaksh\AppData\Roaming\npm\node_modules\markbind-cli\node_modules\nunjucks\src\lib.js:36:11)
    at Template.render (C:\Users\dcsaksh\AppData\Roaming\npm\node_modules\markbind-cli\node_modules\nunjucks\src\environment.js:526:21)
    at Environment.renderString (C:\Users\dcsaksh\AppData\Roaming\npm\node_modules\markbind-cli\node_modules\nunjucks\src\environment.js:364:17)
    at Object.renderString (C:\Users\dcsaksh\AppData\Roaming\npm\node_modules\markbind-cli\node_modules\nunjucks\index.js:98:14)
    at Parser._preprocess (C:\Users\dcsaksh\AppData\Roaming\npm\node_modules\markbind-cli\src\lib\markbind\src\parser.js:208:28)
    at element.children.element.children.map.e (C:\Users\dcsaksh\AppData\Roaming\npm\node_modules\markbind-cli\src\lib\markbind\src\parser.js:284:57)
    at Array.map (<anonymous>)
    at Parser._preprocess (C:\Users\dcsaksh\AppData\Roaming\npm\node_modules\markbind-cli\src\lib\markbind\src\parser.js:284:43)
    at dom.map (C:\Users\dcsaksh\AppData\Roaming\npm\node_modules\markbind-cli\src\lib\markbind\src\parser.js:384:28)
    at Array.map (<anonymous>)
    at DomHandler.htmlparser.DomHandler [as _callback] (C:\Users\dcsaksh\AppData\Roaming\npm\node_modules\markbind-cli\src\lib\markbind\src\parser.js:381:25)
    at DomHandler._handleCallback.DomHandler.onerror (C:\Users\dcsaksh\AppData\Roaming\npm\node_modules\markbind-cli\node_modules\domhandler\index.js:52:8)
    at DomHandler.onend (C:\Users\dcsaksh\AppData\Roaming\npm\node_modules\markbind-cli\node_modules\domhandler\index.js:46:7)
    at Parser.onend (C:\Users\dcsaksh\AppData\Roaming\npm\node_modules\markbind-cli\node_modules\htmlparser2\lib\Parser.js:310:32)
    at Tokenizer._finish (C:\Users\dcsaksh\AppData\Roaming\npm\node_modules\markbind-cli\node_modules\htmlparser2\lib\Tokenizer.js:853:12)
    at Tokenizer.end (C:\Users\dcsaksh\AppData\Roaming\npm\node_modules\markbind-cli\node_modules\htmlparser2\lib\Tokenizer.js:844:25)
2019-01-29T03:09:41.453Z - error: uncaughtException: (unknown path) [Line 152, Column 7]
  parseAggregate: expected comma after expression date=Tue Jan 29 2019 11:09:41 GMT+0800 (Malay Peninsula Standard Time), pid=2880, uid=null, gid=null, cwd=E:\Teaching\CS2113-AY1819Sem2\website, execPath=C:\Program Files\nodejs\node.exe, version=v8.11.3, argv=[C:\Program Files\nodejs\node.exe, C:\Users\dcsaksh\AppData\Roaming\npm\node_modules\markbind-cli\index.js, serve], rss=206430208, heapTotal=147701760, heapUsed=130907040, external=257278, loadavg=[0, 0, 0], uptime=89029.9504858
Template render error: (unknown path) [Line 152, Column 7]
  parseAggregate: expected comma after expression
    at Object._prettifyError (C:\Users\dcsaksh\AppData\Roaming\npm\node_modules\markbind-cli\node_modules\nunjucks\src\lib.js:36:11)
    at Template.render (C:\Users\dcsaksh\AppData\Roaming\npm\node_modules\markbind-cli\node_modules\nunjucks\src\environment.js:526:21)
    at Environment.renderString (C:\Users\dcsaksh\AppData\Roaming\npm\node_modules\markbind-cli\node_modules\nunjucks\src\environment.js:364:17)
    at Object.renderString (C:\Users\dcsaksh\AppData\Roaming\npm\node_modules\markbind-cli\node_modules\nunjucks\index.js:98:14)
    at fs.readFile (C:\Users\dcsaksh\AppData\Roaming\npm\node_modules\markbind-cli\src\lib\markbind\src\parser.js:416:36)
    at FSReqWrap.readFileAfterClose [as oncomplete] (fs.js:511:3)
2019-01-29T03:10:38.885Z - info: [11:10:38] Reload for file change: E:\Teaching\CS2113-AY1819Sem2\website\se-book-adapted\config.njk
2019-01-29T03:10:39.890Z - info: Assets built
2019-01-29T03:11:01.696Z - info: [11:11:01] Reload for file change: E:\Teaching\CS2113-AY1819Sem2\website\schedule\index.md
2019-01-29T03:11:15.954Z - info: [11:11:15] Reload for file change: E:\Teaching\CS2113-AY1819Sem2\website\schedule\index.md
2019-01-29T03:11:35.651Z - info: Website generation started at 11:11:32
2019-01-29T03:11:36.947Z - info: Building assets...
2019-01-29T03:11:38.468Z - info: Assets built
2019-01-29T03:11:38.469Z - info: Generating pages...
2019-01-29T03:11:38.891Z - error:  Template render error: (unknown path) [Line 152, Column 7]
  parseAggregate: expected comma after expression
Error while preprocessing 'E:\Teaching\CS2113-AY1819Sem2\website\index.md'
    at Object._prettifyError (C:\Users\dcsaksh\AppData\Roaming\npm\node_modules\markbind-cli\node_modules\nunjucks\src\lib.js:36:11)
    at Template.render (C:\Users\dcsaksh\AppData\Roaming\npm\node_modules\markbind-cli\node_modules\nunjucks\src\environment.js:526:21)
    at Environment.renderString (C:\Users\dcsaksh\AppData\Roaming\npm\node_modules\markbind-cli\node_modules\nunjucks\src\environment.js:364:17)
    at Object.renderString (C:\Users\dcsaksh\AppData\Roaming\npm\node_modules\markbind-cli\node_modules\nunjucks\index.js:98:14)
    at Parser._preprocess (C:\Users\dcsaksh\AppData\Roaming\npm\node_modules\markbind-cli\src\lib\markbind\src\parser.js:208:28)
    at element.children.element.children.map.e (C:\Users\dcsaksh\AppData\Roaming\npm\node_modules\markbind-cli\src\lib\markbind\src\parser.js:284:57)
    at Array.map (<anonymous>)
    at Parser._preprocess (C:\Users\dcsaksh\AppData\Roaming\npm\node_modules\markbind-cli\src\lib\markbind\src\parser.js:284:43)
    at dom.map (C:\Users\dcsaksh\AppData\Roaming\npm\node_modules\markbind-cli\src\lib\markbind\src\parser.js:384:28)
    at Array.map (<anonymous>)
    at DomHandler.htmlparser.DomHandler [as _callback] (C:\Users\dcsaksh\AppData\Roaming\npm\node_modules\markbind-cli\src\lib\markbind\src\parser.js:381:25)
    at DomHandler._handleCallback.DomHandler.onerror (C:\Users\dcsaksh\AppData\Roaming\npm\node_modules\markbind-cli\node_modules\domhandler\index.js:52:8)
    at DomHandler.onend (C:\Users\dcsaksh\AppData\Roaming\npm\node_modules\markbind-cli\node_modules\domhandler\index.js:46:7)
    at Parser.onend (C:\Users\dcsaksh\AppData\Roaming\npm\node_modules\markbind-cli\node_modules\htmlparser2\lib\Parser.js:310:32)
    at Tokenizer._finish (C:\Users\dcsaksh\AppData\Roaming\npm\node_modules\markbind-cli\node_modules\htmlparser2\lib\Tokenizer.js:853:12)
    at Tokenizer.end (C:\Users\dcsaksh\AppData\Roaming\npm\node_modules\markbind-cli\node_modules\htmlparser2\lib\Tokenizer.js:844:25)
2019-01-29T03:11:44.084Z - error: uncaughtException: Cannot read property 'toString' of null date=Tue Jan 29 2019 11:11:44 GMT+0800 (Malay Peninsula Standard Time), pid=12240, uid=null, gid=null, cwd=E:\Teaching\CS2113-AY1819Sem2\website, execPath=C:\Program Files\nodejs\node.exe, version=v8.11.3, argv=[C:\Program Files\nodejs\node.exe, C:\Users\dcsaksh\AppData\Roaming\npm\node_modules\markbind-cli\index.js, serve], rss=176275456, heapTotal=151453696, heapUsed=105830008, external=698597, loadavg=[0, 0, 0], uptime=89152.5839744
TypeError: Cannot read property 'toString' of null
    at fs.readFile (C:\Users\dcsaksh\AppData\Roaming\npm\node_modules\markbind-cli\src\lib\markbind\src\parser.js:420:42)
    at FSReqWrap.readFileAfterClose [as oncomplete] (fs.js:511:3)
2019-01-29T03:11:44.090Z - error: uncaughtException: Cannot read property 'toString' of null date=Tue Jan 29 2019 11:11:44 GMT+0800 (Malay Peninsula Standard Time), pid=12240, uid=null, gid=null, cwd=E:\Teaching\CS2113-AY1819Sem2\website, execPath=C:\Program Files\nodejs\node.exe, version=v8.11.3, argv=[C:\Program Files\nodejs\node.exe, C:\Users\dcsaksh\AppData\Roaming\npm\node_modules\markbind-cli\index.js, serve], rss=177467392, heapTotal=152502272, heapUsed=92332232, external=666855, loadavg=[0, 0, 0], uptime=89152.5909556
TypeError: Cannot read property 'toString' of null
    at fs.readFile (C:\Users\dcsaksh\AppData\Roaming\npm\node_modules\markbind-cli\src\lib\markbind\src\parser.js:420:42)
    at FSReqWrap.readFileAfterClose [as oncomplete] (fs.js:511:3)
2019-01-29T03:11:44.114Z - error: uncaughtException: Cannot read property 'toString' of null date=Tue Jan 29 2019 11:11:44 GMT+0800 (Malay Peninsula Standard Time), pid=12240, uid=null, gid=null, cwd=E:\Teaching\CS2113-AY1819Sem2\website, execPath=C:\Program Files\nodejs\node.exe, version=v8.11.3, argv=[C:\Program Files\nodejs\node.exe, C:\Users\dcsaksh\AppData\Roaming\npm\node_modules\markbind-cli\index.js, serve], rss=177655808, heapTotal=152502272, heapUsed=101234448, external=675191, loadavg=[0, 0, 0], uptime=89152.6149224
TypeError: Cannot read property 'toString' of null
    at fs.readFile (C:\Users\dcsaksh\AppData\Roaming\npm\node_modules\markbind-cli\src\lib\markbind\src\parser.js:420:42)
    at FSReqWrap.readFileAfterClose [as oncomplete] (fs.js:511:3)
2019-01-29T03:11:44.118Z - error: uncaughtException: Cannot read property 'toString' of null date=Tue Jan 29 2019 11:11:44 GMT+0800 (Malay Peninsula Standard Time), pid=12240, uid=null, gid=null, cwd=E:\Teaching\CS2113-AY1819Sem2\website, execPath=C:\Program Files\nodejs\node.exe, version=v8.11.3, argv=[C:\Program Files\nodejs\node.exe, C:\Users\dcsaksh\AppData\Roaming\npm\node_modules\markbind-cli\index.js, serve], rss=177655808, heapTotal=152502272, heapUsed=102678056, external=675191, loadavg=[0, 0, 0], uptime=89152.6188817
TypeError: Cannot read property 'toString' of null
    at fs.readFile (C:\Users\dcsaksh\AppData\Roaming\npm\node_modules\markbind-cli\src\lib\markbind\src\parser.js:420:42)
    at FSReqWrap.readFileAfterClose [as oncomplete] (fs.js:511:3)
2019-01-29T03:11:44.122Z - error: uncaughtException: Cannot read property 'toString' of null date=Tue Jan 29 2019 11:11:44 GMT+0800 (Malay Peninsula Standard Time), pid=12240, uid=null, gid=null, cwd=E:\Teaching\CS2113-AY1819Sem2\website, execPath=C:\Program Files\nodejs\node.exe, version=v8.11.3, argv=[C:\Program Files\nodejs\node.exe, C:\Users\dcsaksh\AppData\Roaming\npm\node_modules\markbind-cli\index.js, serve], rss=177655808, heapTotal=152502272, heapUsed=104121112, external=675191, loadavg=[0, 0, 0], uptime=89152.6229012
TypeError: Cannot read property 'toString' of null
    at fs.readFile (C:\Users\dcsaksh\AppData\Roaming\npm\node_modules\markbind-cli\src\lib\markbind\src\parser.js:420:42)
    at FSReqWrap.readFileAfterClose [as oncomplete] (fs.js:511:3)
2019-01-29T03:11:44.126Z - error: uncaughtException: Cannot read property 'toString' of null date=Tue Jan 29 2019 11:11:44 GMT+0800 (Malay Peninsula Standard Time), pid=12240, uid=null, gid=null, cwd=E:\Teaching\CS2113-AY1819Sem2\website, execPath=C:\Program Files\nodejs\node.exe, version=v8.11.3, argv=[C:\Program Files\nodejs\node.exe, C:\Users\dcsaksh\AppData\Roaming\npm\node_modules\markbind-cli\index.js, serve], rss=177655808, heapTotal=152502272, heapUsed=105567048, external=675191, loadavg=[0, 0, 0], uptime=89152.6268868
TypeError: Cannot read property 'toString' of null
    at fs.readFile (C:\Users\dcsaksh\AppData\Roaming\npm\node_modules\markbind-cli\src\lib\markbind\src\parser.js:420:42)
    at FSReqWrap.readFileAfterClose [as oncomplete] (fs.js:511:3)
2019-01-29T03:11:44.129Z - error: uncaughtException: (unknown path) [Line 152, Column 7]
  parseAggregate: expected comma after expression date=Tue Jan 29 2019 11:11:44 GMT+0800 (Malay Peninsula Standard Time), pid=12240, uid=null, gid=null, cwd=E:\Teaching\CS2113-AY1819Sem2\website, execPath=C:\Program Files\nodejs\node.exe, version=v8.11.3, argv=[C:\Program Files\nodejs\node.exe, C:\Users\dcsaksh\AppData\Roaming\npm\node_modules\markbind-cli\index.js, serve], rss=177655808, heapTotal=152502272, heapUsed=106729616, external=675191, loadavg=[0, 0, 0], uptime=89152.6298798
Template render error: (unknown path) [Line 152, Column 7]
  parseAggregate: expected comma after expression
    at Object._prettifyError (C:\Users\dcsaksh\AppData\Roaming\npm\node_modules\markbind-cli\node_modules\nunjucks\src\lib.js:36:11)
    at Template.render (C:\Users\dcsaksh\AppData\Roaming\npm\node_modules\markbind-cli\node_modules\nunjucks\src\environment.js:526:21)
    at Environment.renderString (C:\Users\dcsaksh\AppData\Roaming\npm\node_modules\markbind-cli\node_modules\nunjucks\src\environment.js:364:17)
    at Object.renderString (C:\Users\dcsaksh\AppData\Roaming\npm\node_modules\markbind-cli\node_modules\nunjucks\index.js:98:14)
    at fs.readFile (C:\Users\dcsaksh\AppData\Roaming\npm\node_modules\markbind-cli\src\lib\markbind\src\parser.js:416:36)
    at FSReqWrap.readFileAfterClose [as oncomplete] (fs.js:511:3)
2019-01-29T03:11:44.161Z - error: uncaughtException: Cannot read property 'toString' of null date=Tue Jan 29 2019 11:11:44 GMT+0800 (Malay Peninsula Standard Time), pid=12240, uid=null, gid=null, cwd=E:\Teaching\CS2113-AY1819Sem2\website, execPath=C:\Program Files\nodejs\node.exe, version=v8.11.3, argv=[C:\Program Files\nodejs\node.exe, C:\Users\dcsaksh\AppData\Roaming\npm\node_modules\markbind-cli\index.js, serve], rss=180105216, heapTotal=155648000, heapUsed=96202848, external=675047, loadavg=[0, 0, 0], uptime=89152.6627902
TypeError: Cannot read property 'toString' of null
    at fs.readFile (C:\Users\dcsaksh\AppData\Roaming\npm\node_modules\markbind-cli\src\lib\markbind\src\parser.js:420:42)
    at FSReqWrap.readFileAfterClose [as oncomplete] (fs.js:511:3)
2019-01-29T03:11:44.165Z - error: uncaughtException: Cannot read property 'toString' of null date=Tue Jan 29 2019 11:11:44 GMT+0800 (Malay Peninsula Standard Time), pid=12240, uid=null, gid=null, cwd=E:\Teaching\CS2113-AY1819Sem2\website, execPath=C:\Program Files\nodejs\node.exe, version=v8.11.3, argv=[C:\Program Files\nodejs\node.exe, C:\Users\dcsaksh\AppData\Roaming\npm\node_modules\markbind-cli\index.js, serve], rss=180109312, heapTotal=155648000, heapUsed=97677368, external=675047, loadavg=[0, 0, 0], uptime=89152.6667835
TypeError: Cannot read property 'toString' of null
    at fs.readFile (C:\Users\dcsaksh\AppData\Roaming\npm\node_modules\markbind-cli\src\lib\markbind\src\parser.js:420:42)
    at FSReqWrap.readFileAfterClose [as oncomplete] (fs.js:511:3)
2019-01-29T03:11:44.169Z - error: uncaughtException: Cannot read property 'toString' of null date=Tue Jan 29 2019 11:11:44 GMT+0800 (Malay Peninsula Standard Time), pid=12240, uid=null, gid=null, cwd=E:\Teaching\CS2113-AY1819Sem2\website, execPath=C:\Program Files\nodejs\node.exe, version=v8.11.3, argv=[C:\Program Files\nodejs\node.exe, C:\Users\dcsaksh\AppData\Roaming\npm\node_modules\markbind-cli\index.js, serve], rss=180113408, heapTotal=155648000, heapUsed=99114488, external=675047, loadavg=[0, 0, 0], uptime=89152.6707697
TypeError: Cannot read property 'toString' of null
    at fs.readFile (C:\Users\dcsaksh\AppData\Roaming\npm\node_modules\markbind-cli\src\lib\markbind\src\parser.js:420:42)
    at FSReqWrap.readFileAfterClose [as oncomplete] (fs.js:511:3)
2019-01-29T03:11:44.173Z - error: uncaughtException: Cannot read property 'toString' of null date=Tue Jan 29 2019 11:11:44 GMT+0800 (Malay Peninsula Standard Time), pid=12240, uid=null, gid=null, cwd=E:\Teaching\CS2113-AY1819Sem2\website, execPath=C:\Program Files\nodejs\node.exe, version=v8.11.3, argv=[C:\Program Files\nodejs\node.exe, C:\Users\dcsaksh\AppData\Roaming\npm\node_modules\markbind-cli\index.js, serve], rss=180117504, heapTotal=155648000, heapUsed=100557224, external=675047, loadavg=[0, 0, 0], uptime=89152.6747329
TypeError: Cannot read property 'toString' of null
    at fs.readFile (C:\Users\dcsaksh\AppData\Roaming\npm\node_modules\markbind-cli\src\lib\markbind\src\parser.js:420:42)
    at FSReqWrap.readFileAfterClose [as oncomplete] (fs.js:511:3)
2019-01-29T03:11:44.177Z - error: uncaughtException: Cannot read property 'toString' of null date=Tue Jan 29 2019 11:11:44 GMT+0800 (Malay Peninsula Standard Time), pid=12240, uid=null, gid=null, cwd=E:\Teaching\CS2113-AY1819Sem2\website, execPath=C:\Program Files\nodejs\node.exe, version=v8.11.3, argv=[C:\Program Files\nodejs\node.exe, C:\Users\dcsaksh\AppData\Roaming\npm\node_modules\markbind-cli\index.js, serve], rss=180125696, heapTotal=155648000, heapUsed=102007376, external=675047, loadavg=[0, 0, 0], uptime=89152.678749
TypeError: Cannot read property 'toString' of null
    at fs.readFile (C:\Users\dcsaksh\AppData\Roaming\npm\node_modules\markbind-cli\src\lib\markbind\src\parser.js:420:42)
    at FSReqWrap.readFileAfterClose [as oncomplete] (fs.js:511:3)
2019-01-29T03:11:44.199Z - error: uncaughtException: Cannot read property 'toString' of null date=Tue Jan 29 2019 11:11:44 GMT+0800 (Malay Peninsula Standard Time), pid=12240, uid=null, gid=null, cwd=E:\Teaching\CS2113-AY1819Sem2\website, execPath=C:\Program Files\nodejs\node.exe, version=v8.11.3, argv=[C:\Program Files\nodejs\node.exe, C:\Users\dcsaksh\AppData\Roaming\npm\node_modules\markbind-cli\index.js, serve], rss=181420032, heapTotal=155648000, heapUsed=97388472, external=675047, loadavg=[0, 0, 0], uptime=89152.7006624
TypeError: Cannot read property 'toString' of null
    at fs.readFile (C:\Users\dcsaksh\AppData\Roaming\npm\node_modules\markbind-cli\src\lib\markbind\src\parser.js:420:42)
    at FSReqWrap.readFileAfterClose [as oncomplete] (fs.js:511:3)
2019-01-29T03:11:44.212Z - error: uncaughtException: Cannot read property 'toString' of null date=Tue Jan 29 2019 11:11:44 GMT+0800 (Malay Peninsula Standard Time), pid=12240, uid=null, gid=null, cwd=E:\Teaching\CS2113-AY1819Sem2\website, execPath=C:\Program Files\nodejs\node.exe, version=v8.11.3, argv=[C:\Program Files\nodejs\node.exe, C:\Users\dcsaksh\AppData\Roaming\npm\node_modules\markbind-cli\index.js, serve], rss=181436416, heapTotal=155648000, heapUsed=102818080, external=699861, loadavg=[0, 0, 0], uptime=89152.7136573
TypeError: Cannot read property 'toString' of null
    at fs.readFile (C:\Users\dcsaksh\AppData\Roaming\npm\node_modules\markbind-cli\src\lib\markbind\src\parser.js:420:42)
    at FSReqWrap.readFileAfterClose [as oncomplete] (fs.js:511:3)
2019-01-29T03:11:44.216Z - error: uncaughtException: Cannot read property 'toString' of null date=Tue Jan 29 2019 11:11:44 GMT+0800 (Malay Peninsula Standard Time), pid=12240, uid=null, gid=null, cwd=E:\Teaching\CS2113-AY1819Sem2\website, execPath=C:\Program Files\nodejs\node.exe, version=v8.11.3, argv=[C:\Program Files\nodejs\node.exe, C:\Users\dcsaksh\AppData\Roaming\npm\node_modules\markbind-cli\index.js, serve], rss=181440512, heapTotal=155648000, heapUsed=104264360, external=699861, loadavg=[0, 0, 0], uptime=89152.7176183
TypeError: Cannot read property 'toString' of null
    at fs.readFile (C:\Users\dcsaksh\AppData\Roaming\npm\node_modules\markbind-cli\src\lib\markbind\src\parser.js:420:42)
    at FSReqWrap.readFileAfterClose [as oncomplete] (fs.js:511:3)
2019-01-29T03:43:24.460Z - info: Website generation started at 11:43:19
2019-01-29T03:43:25.677Z - info: Building assets...
2019-01-29T03:43:27.113Z - info: Assets built
2019-01-29T03:43:27.114Z - info: Generating pages...
2019-01-29T03:43:27.635Z - error:  Template render error: (unknown path) [Line 152, Column 7]
  parseAggregate: expected comma after expression
Error while preprocessing 'E:\Teaching\CS2113-AY1819Sem2\website\index.md'
    at Object._prettifyError (C:\Users\dcsaksh\AppData\Roaming\npm\node_modules\markbind-cli\node_modules\nunjucks\src\lib.js:36:11)
    at Template.render (C:\Users\dcsaksh\AppData\Roaming\npm\node_modules\markbind-cli\node_modules\nunjucks\src\environment.js:526:21)
    at Environment.renderString (C:\Users\dcsaksh\AppData\Roaming\npm\node_modules\markbind-cli\node_modules\nunjucks\src\environment.js:364:17)
    at Object.renderString (C:\Users\dcsaksh\AppData\Roaming\npm\node_modules\markbind-cli\node_modules\nunjucks\index.js:98:14)
    at Parser._preprocess (C:\Users\dcsaksh\AppData\Roaming\npm\node_modules\markbind-cli\src\lib\markbind\src\parser.js:208:28)
    at element.children.element.children.map.e (C:\Users\dcsaksh\AppData\Roaming\npm\node_modules\markbind-cli\src\lib\markbind\src\parser.js:284:57)
    at Array.map (<anonymous>)
    at Parser._preprocess (C:\Users\dcsaksh\AppData\Roaming\npm\node_modules\markbind-cli\src\lib\markbind\src\parser.js:284:43)
    at dom.map (C:\Users\dcsaksh\AppData\Roaming\npm\node_modules\markbind-cli\src\lib\markbind\src\parser.js:384:28)
    at Array.map (<anonymous>)
    at DomHandler.htmlparser.DomHandler [as _callback] (C:\Users\dcsaksh\AppData\Roaming\npm\node_modules\markbind-cli\src\lib\markbind\src\parser.js:381:25)
    at DomHandler._handleCallback.DomHandler.onerror (C:\Users\dcsaksh\AppData\Roaming\npm\node_modules\markbind-cli\node_modules\domhandler\index.js:52:8)
    at DomHandler.onend (C:\Users\dcsaksh\AppData\Roaming\npm\node_modules\markbind-cli\node_modules\domhandler\index.js:46:7)
    at Parser.onend (C:\Users\dcsaksh\AppData\Roaming\npm\node_modules\markbind-cli\node_modules\htmlparser2\lib\Parser.js:310:32)
    at Tokenizer._finish (C:\Users\dcsaksh\AppData\Roaming\npm\node_modules\markbind-cli\node_modules\htmlparser2\lib\Tokenizer.js:853:12)
    at Tokenizer.end (C:\Users\dcsaksh\AppData\Roaming\npm\node_modules\markbind-cli\node_modules\htmlparser2\lib\Tokenizer.js:844:25)
2019-01-29T03:43:32.430Z - error: uncaughtException: Cannot read property 'toString' of null date=Tue Jan 29 2019 11:43:32 GMT+0800 (Malay Peninsula Standard Time), pid=6396, uid=null, gid=null, cwd=E:\Teaching\CS2113-AY1819Sem2\website, execPath=C:\Program Files\nodejs\node.exe, version=v8.11.3, argv=[C:\Program Files\nodejs\node.exe, C:\Users\dcsaksh\AppData\Roaming\npm\node_modules\markbind-cli\index.js, serve], rss=182095872, heapTotal=160366592, heapUsed=79766992, external=561770, loadavg=[0, 0, 0], uptime=91060.9289925
TypeError: Cannot read property 'toString' of null
    at fs.readFile (C:\Users\dcsaksh\AppData\Roaming\npm\node_modules\markbind-cli\src\lib\markbind\src\parser.js:420:42)
    at FSReqWrap.readFileAfterClose [as oncomplete] (fs.js:511:3)
2019-01-29T03:43:32.457Z - error: uncaughtException: Cannot read property 'toString' of null date=Tue Jan 29 2019 11:43:32 GMT+0800 (Malay Peninsula Standard Time), pid=6396, uid=null, gid=null, cwd=E:\Teaching\CS2113-AY1819Sem2\website, execPath=C:\Program Files\nodejs\node.exe, version=v8.11.3, argv=[C:\Program Files\nodejs\node.exe, C:\Users\dcsaksh\AppData\Roaming\npm\node_modules\markbind-cli\index.js, serve], rss=183668736, heapTotal=160366592, heapUsed=76063544, external=543581, loadavg=[0, 0, 0], uptime=91060.9569173
TypeError: Cannot read property 'toString' of null
    at fs.readFile (C:\Users\dcsaksh\AppData\Roaming\npm\node_modules\markbind-cli\src\lib\markbind\src\parser.js:420:42)
    at FSReqWrap.readFileAfterClose [as oncomplete] (fs.js:511:3)
2019-01-29T03:43:32.461Z - error: uncaughtException: Cannot read property 'toString' of null date=Tue Jan 29 2019 11:43:32 GMT+0800 (Malay Peninsula Standard Time), pid=6396, uid=null, gid=null, cwd=E:\Teaching\CS2113-AY1819Sem2\website, execPath=C:\Program Files\nodejs\node.exe, version=v8.11.3, argv=[C:\Program Files\nodejs\node.exe, C:\Users\dcsaksh\AppData\Roaming\npm\node_modules\markbind-cli\index.js, serve], rss=183672832, heapTotal=160366592, heapUsed=77512224, external=543581, loadavg=[0, 0, 0], uptime=91060.9609066
TypeError: Cannot read property 'toString' of null
    at fs.readFile (C:\Users\dcsaksh\AppData\Roaming\npm\node_modules\markbind-cli\src\lib\markbind\src\parser.js:420:42)
    at FSReqWrap.readFileAfterClose [as oncomplete] (fs.js:511:3)
2019-01-29T03:43:32.465Z - error: uncaughtException: Cannot read property 'toString' of null date=Tue Jan 29 2019 11:43:32 GMT+0800 (Malay Peninsula Standard Time), pid=6396, uid=null, gid=null, cwd=E:\Teaching\CS2113-AY1819Sem2\website, execPath=C:\Program Files\nodejs\node.exe, version=v8.11.3, argv=[C:\Program Files\nodejs\node.exe, C:\Users\dcsaksh\AppData\Roaming\npm\node_modules\markbind-cli\index.js, serve], rss=183672832, heapTotal=160366592, heapUsed=78971952, external=551773, loadavg=[0, 0, 0], uptime=91060.9648959
TypeError: Cannot read property 'toString' of null
    at fs.readFile (C:\Users\dcsaksh\AppData\Roaming\npm\node_modules\markbind-cli\src\lib\markbind\src\parser.js:420:42)
    at FSReqWrap.readFileAfterClose [as oncomplete] (fs.js:511:3)
2019-01-29T03:43:32.469Z - error: uncaughtException: Cannot read property 'toString' of null date=Tue Jan 29 2019 11:43:32 GMT+0800 (Malay Peninsula Standard Time), pid=6396, uid=null, gid=null, cwd=E:\Teaching\CS2113-AY1819Sem2\website, execPath=C:\Program Files\nodejs\node.exe, version=v8.11.3, argv=[C:\Program Files\nodejs\node.exe, C:\Users\dcsaksh\AppData\Roaming\npm\node_modules\markbind-cli\index.js, serve], rss=183672832, heapTotal=160366592, heapUsed=80412480, external=551773, loadavg=[0, 0, 0], uptime=91060.9688853
TypeError: Cannot read property 'toString' of null
    at fs.readFile (C:\Users\dcsaksh\AppData\Roaming\npm\node_modules\markbind-cli\src\lib\markbind\src\parser.js:420:42)
    at FSReqWrap.readFileAfterClose [as oncomplete] (fs.js:511:3)
2019-01-29T03:43:32.473Z - error: uncaughtException: Cannot read property 'toString' of null date=Tue Jan 29 2019 11:43:32 GMT+0800 (Malay Peninsula Standard Time), pid=6396, uid=null, gid=null, cwd=E:\Teaching\CS2113-AY1819Sem2\website, execPath=C:\Program Files\nodejs\node.exe, version=v8.11.3, argv=[C:\Program Files\nodejs\node.exe, C:\Users\dcsaksh\AppData\Roaming\npm\node_modules\markbind-cli\index.js, serve], rss=183672832, heapTotal=160366592, heapUsed=81852992, external=551773, loadavg=[0, 0, 0], uptime=91060.9728743
TypeError: Cannot read property 'toString' of null
    at fs.readFile (C:\Users\dcsaksh\AppData\Roaming\npm\node_modules\markbind-cli\src\lib\markbind\src\parser.js:420:42)
    at FSReqWrap.readFileAfterClose [as oncomplete] (fs.js:511:3)
2019-01-29T03:43:32.477Z - error: uncaughtException: Cannot read property 'toString' of null date=Tue Jan 29 2019 11:43:32 GMT+0800 (Malay Peninsula Standard Time), pid=6396, uid=null, gid=null, cwd=E:\Teaching\CS2113-AY1819Sem2\website, execPath=C:\Program Files\nodejs\node.exe, version=v8.11.3, argv=[C:\Program Files\nodejs\node.exe, C:\Users\dcsaksh\AppData\Roaming\npm\node_modules\markbind-cli\index.js, serve], rss=183672832, heapTotal=160366592, heapUsed=83293296, external=551773, loadavg=[0, 0, 0], uptime=91060.9768636
TypeError: Cannot read property 'toString' of null
    at fs.readFile (C:\Users\dcsaksh\AppData\Roaming\npm\node_modules\markbind-cli\src\lib\markbind\src\parser.js:420:42)
    at FSReqWrap.readFileAfterClose [as oncomplete] (fs.js:511:3)
2019-01-29T03:43:32.480Z - error: uncaughtException: (unknown path) [Line 152, Column 7]
  parseAggregate: expected comma after expression date=Tue Jan 29 2019 11:43:32 GMT+0800 (Malay Peninsula Standard Time), pid=6396, uid=null, gid=null, cwd=E:\Teaching\CS2113-AY1819Sem2\website, execPath=C:\Program Files\nodejs\node.exe, version=v8.11.3, argv=[C:\Program Files\nodejs\node.exe, C:\Users\dcsaksh\AppData\Roaming\npm\node_modules\markbind-cli\index.js, serve], rss=183672832, heapTotal=160366592, heapUsed=84455552, external=551773, loadavg=[0, 0, 0], uptime=91060.9798557
Template render error: (unknown path) [Line 152, Column 7]
  parseAggregate: expected comma after expression
    at Object._prettifyError (C:\Users\dcsaksh\AppData\Roaming\npm\node_modules\markbind-cli\node_modules\nunjucks\src\lib.js:36:11)
    at Template.render (C:\Users\dcsaksh\AppData\Roaming\npm\node_modules\markbind-cli\node_modules\nunjucks\src\environment.js:526:21)
    at Environment.renderString (C:\Users\dcsaksh\AppData\Roaming\npm\node_modules\markbind-cli\node_modules\nunjucks\src\environment.js:364:17)
    at Object.renderString (C:\Users\dcsaksh\AppData\Roaming\npm\node_modules\markbind-cli\node_modules\nunjucks\index.js:98:14)
    at fs.readFile (C:\Users\dcsaksh\AppData\Roaming\npm\node_modules\markbind-cli\src\lib\markbind\src\parser.js:416:36)
    at FSReqWrap.readFileAfterClose [as oncomplete] (fs.js:511:3)
2019-01-29T03:43:32.485Z - error: uncaughtException: Cannot read property 'toString' of null date=Tue Jan 29 2019 11:43:32 GMT+0800 (Malay Peninsula Standard Time), pid=6396, uid=null, gid=null, cwd=E:\Teaching\CS2113-AY1819Sem2\website, execPath=C:\Program Files\nodejs\node.exe, version=v8.11.3, argv=[C:\Program Files\nodejs\node.exe, C:\Users\dcsaksh\AppData\Roaming\npm\node_modules\markbind-cli\index.js, serve], rss=183672832, heapTotal=160366592, heapUsed=72102408, external=551773, loadavg=[0, 0, 0], uptime=91060.9858669
TypeError: Cannot read property 'toString' of null
    at fs.readFile (C:\Users\dcsaksh\AppData\Roaming\npm\node_modules\markbind-cli\src\lib\markbind\src\parser.js:420:42)
    at FSReqWrap.readFileAfterClose [as oncomplete] (fs.js:511:3)
2019-01-29T03:43:32.489Z - error: uncaughtException: Cannot read property 'toString' of null date=Tue Jan 29 2019 11:43:32 GMT+0800 (Malay Peninsula Standard Time), pid=6396, uid=null, gid=null, cwd=E:\Teaching\CS2113-AY1819Sem2\website, execPath=C:\Program Files\nodejs\node.exe, version=v8.11.3, argv=[C:\Program Files\nodejs\node.exe, C:\Users\dcsaksh\AppData\Roaming\npm\node_modules\markbind-cli\index.js, serve], rss=183672832, heapTotal=160366592, heapUsed=73556144, external=551773, loadavg=[0, 0, 0], uptime=91060.9898593
TypeError: Cannot read property 'toString' of null
    at fs.readFile (C:\Users\dcsaksh\AppData\Roaming\npm\node_modules\markbind-cli\src\lib\markbind\src\parser.js:420:42)
    at FSReqWrap.readFileAfterClose [as oncomplete] (fs.js:511:3)
2019-01-29T03:43:32.493Z - error: uncaughtException: Cannot read property 'toString' of null date=Tue Jan 29 2019 11:43:32 GMT+0800 (Malay Peninsula Standard Time), pid=6396, uid=null, gid=null, cwd=E:\Teaching\CS2113-AY1819Sem2\website, execPath=C:\Program Files\nodejs\node.exe, version=v8.11.3, argv=[C:\Program Files\nodejs\node.exe, C:\Users\dcsaksh\AppData\Roaming\npm\node_modules\markbind-cli\index.js, serve], rss=183672832, heapTotal=160366592, heapUsed=74996280, external=551773, loadavg=[0, 0, 0], uptime=91060.9938484
TypeError: Cannot read property 'toString' of null
    at fs.readFile (C:\Users\dcsaksh\AppData\Roaming\npm\node_modules\markbind-cli\src\lib\markbind\src\parser.js:420:42)
    at FSReqWrap.readFileAfterClose [as oncomplete] (fs.js:511:3)
2019-01-29T03:43:32.521Z - error: uncaughtException: Cannot read property 'toString' of null date=Tue Jan 29 2019 11:43:32 GMT+0800 (Malay Peninsula Standard Time), pid=6396, uid=null, gid=null, cwd=E:\Teaching\CS2113-AY1819Sem2\website, execPath=C:\Program Files\nodejs\node.exe, version=v8.11.3, argv=[C:\Program Files\nodejs\node.exe, C:\Users\dcsaksh\AppData\Roaming\npm\node_modules\markbind-cli\index.js, serve], rss=183746560, heapTotal=160366592, heapUsed=75661872, external=551773, loadavg=[0, 0, 0], uptime=91061.0217732
TypeError: Cannot read property 'toString' of null
    at fs.readFile (C:\Users\dcsaksh\AppData\Roaming\npm\node_modules\markbind-cli\src\lib\markbind\src\parser.js:420:42)
    at FSReqWrap.readFileAfterClose [as oncomplete] (fs.js:511:3)
2019-01-29T03:43:32.525Z - error: uncaughtException: Cannot read property 'toString' of null date=Tue Jan 29 2019 11:43:32 GMT+0800 (Malay Peninsula Standard Time), pid=6396, uid=null, gid=null, cwd=E:\Teaching\CS2113-AY1819Sem2\website, execPath=C:\Program Files\nodejs\node.exe, version=v8.11.3, argv=[C:\Program Files\nodejs\node.exe, C:\Users\dcsaksh\AppData\Roaming\npm\node_modules\markbind-cli\index.js, serve], rss=183746560, heapTotal=160366592, heapUsed=77109768, external=559965, loadavg=[0, 0, 0], uptime=91061.0257625
TypeError: Cannot read property 'toString' of null
    at fs.readFile (C:\Users\dcsaksh\AppData\Roaming\npm\node_modules\markbind-cli\src\lib\markbind\src\parser.js:420:42)
    at FSReqWrap.readFileAfterClose [as oncomplete] (fs.js:511:3)
2019-01-29T03:43:32.529Z - error: uncaughtException: Cannot read property 'toString' of null date=Tue Jan 29 2019 11:43:32 GMT+0800 (Malay Peninsula Standard Time), pid=6396, uid=null, gid=null, cwd=E:\Teaching\CS2113-AY1819Sem2\website, execPath=C:\Program Files\nodejs\node.exe, version=v8.11.3, argv=[C:\Program Files\nodejs\node.exe, C:\Users\dcsaksh\AppData\Roaming\npm\node_modules\markbind-cli\index.js, serve], rss=183746560, heapTotal=160366592, heapUsed=78597008, external=559965, loadavg=[0, 0, 0], uptime=91061.0297524
TypeError: Cannot read property 'toString' of null
    at fs.readFile (C:\Users\dcsaksh\AppData\Roaming\npm\node_modules\markbind-cli\src\lib\markbind\src\parser.js:420:42)
    at FSReqWrap.readFileAfterClose [as oncomplete] (fs.js:511:3)
2019-01-29T03:43:32.539Z - error: uncaughtException: Cannot read property 'toString' of null date=Tue Jan 29 2019 11:43:32 GMT+0800 (Malay Peninsula Standard Time), pid=6396, uid=null, gid=null, cwd=E:\Teaching\CS2113-AY1819Sem2\website, execPath=C:\Program Files\nodejs\node.exe, version=v8.11.3, argv=[C:\Program Files\nodejs\node.exe, C:\Users\dcsaksh\AppData\Roaming\npm\node_modules\markbind-cli\index.js, serve], rss=183767040, heapTotal=160366592, heapUsed=83425320, external=584779, loadavg=[0, 0, 0], uptime=91061.0397256
TypeError: Cannot read property 'toString' of null
    at fs.readFile (C:\Users\dcsaksh\AppData\Roaming\npm\node_modules\markbind-cli\src\lib\markbind\src\parser.js:420:42)
    at FSReqWrap.readFileAfterClose [as oncomplete] (fs.js:511:3)
2019-01-29T04:21:51.632Z - info: Website generation started at 12:21:45
2019-01-29T04:21:52.865Z - info: Building assets...
2019-01-29T04:21:54.429Z - info: Assets built
2019-01-29T04:21:54.429Z - info: Generating pages...
2019-01-29T04:23:04.885Z - info: Pages built
2019-01-29T04:23:05.012Z - info: Site data built
2019-01-29T04:23:05.013Z - info: Website generation complete! Total build time: 79.239s
2019-01-29T04:23:05.020Z - info: Generate Site durationMs=79246
2019-01-29T04:23:05.258Z - info: Serving "E:\Teaching\CS2113-AY1819Sem2\website\_site" at http://127.0.0.1:8080
2019-01-29T04:23:05.258Z - info: Press CTRL+C to stop ...
2019-01-29T04:26:43.682Z - info: [12:26:43] Reload for file change: E:\Teaching\CS2113-AY1819Sem2\website\schedule\index.md
2019-01-29T04:26:44.685Z - verbose: Rebuild affected paths: E:\Teaching\CS2113-AY1819Sem2\website\schedule\index.md
2019-01-29T04:26:44.685Z - info: Rebuilding 2 pages
2019-01-29T04:26:47.429Z - info: Pages rebuilt
2019-01-29T04:26:47.440Z - info: Site data built
2019-01-29T04:27:41.418Z - info: [12:27:41] Reload for file change: E:\Teaching\CS2113-AY1819Sem2\website\schedule\index.md
2019-01-29T04:27:42.418Z - verbose: Rebuild affected paths: E:\Teaching\CS2113-AY1819Sem2\website\schedule\index.md
2019-01-29T04:27:42.419Z - info: Rebuilding 2 pages
2019-01-29T04:27:45.186Z - info: Pages rebuilt
2019-01-29T04:27:45.195Z - info: Site data built
2019-01-29T04:29:36.353Z - info: Website generation started at 12:29:33
2019-01-29T04:29:37.573Z - info: Building assets...
2019-01-29T04:29:38.977Z - info: Assets built
2019-01-29T04:29:38.977Z - info: Generating pages...
2019-01-29T04:30:51.718Z - info: Pages built
2019-01-29T04:30:51.828Z - info: Site data built
2019-01-29T04:30:51.828Z - info: Website generation complete! Total build time: 78.389s
2019-01-29T04:30:51.835Z - info: Generate Site durationMs=78396
2019-01-29T04:30:52.068Z - info: Serving "E:\Teaching\CS2113-AY1819Sem2\website\_site" at http://127.0.0.1:8080
2019-01-29T04:30:52.068Z - info: Press CTRL+C to stop ...
2019-01-29T04:33:20.160Z - info: [12:33:20] Reload for file change: E:\Teaching\CS2113-AY1819Sem2\website\schedule\week4\tutorial-cs2113.md
2019-01-29T04:33:21.163Z - verbose: Rebuild affected paths: E:\Teaching\CS2113-AY1819Sem2\website\schedule\week4\tutorial-cs2113.md
2019-01-29T04:33:21.167Z - info: Rebuilding 3 pages
2019-01-29T04:33:25.108Z - info: Pages rebuilt
2019-01-29T04:33:25.118Z - info: Site data built
2019-01-29T04:33:31.682Z - info: [12:33:31] Reload for file change: E:\Teaching\CS2113-AY1819Sem2\website\schedule\week4\tutorial-cs2113.md
2019-01-29T04:33:32.684Z - verbose: Rebuild affected paths: E:\Teaching\CS2113-AY1819Sem2\website\schedule\week4\tutorial-cs2113.md
2019-01-29T04:33:32.685Z - info: Rebuilding 3 pages
2019-01-29T04:33:36.210Z - info: Pages rebuilt
2019-01-29T04:33:36.218Z - info: Site data built
2019-01-29T04:34:02.177Z - info: [12:34:02] Reload for file change: E:\Teaching\CS2113-AY1819Sem2\website\schedule\week4\tutorial-cs2113.md
2019-01-29T04:34:03.178Z - verbose: Rebuild affected paths: E:\Teaching\CS2113-AY1819Sem2\website\schedule\week4\tutorial-cs2113.md
2019-01-29T04:34:03.180Z - info: Rebuilding 3 pages
2019-01-29T04:34:06.984Z - info: Pages rebuilt
2019-01-29T04:34:06.993Z - info: Site data built
2019-01-29T04:34:07.728Z - info: [12:34:07] Reload for file change: E:\Teaching\CS2113-AY1819Sem2\website\schedule\week4\tutorial-cs2113.md
2019-01-29T04:34:08.729Z - verbose: Rebuild affected paths: E:\Teaching\CS2113-AY1819Sem2\website\schedule\week4\tutorial-cs2113.md
2019-01-29T04:34:08.730Z - info: Rebuilding 3 pages
2019-01-29T04:34:12.218Z - info: Pages rebuilt
2019-01-29T04:34:12.229Z - info: Site data built
2019-01-29T04:42:52.376Z - info: [12:42:52] Reload for file change: E:\Teaching\CS2113-AY1819Sem2\website\schedule\index.md
2019-01-29T04:42:53.378Z - verbose: Rebuild affected paths: E:\Teaching\CS2113-AY1819Sem2\website\schedule\index.md
2019-01-29T04:42:53.379Z - info: Rebuilding 2 pages
2019-01-29T04:42:56.085Z - info: Pages rebuilt
2019-01-29T04:42:56.092Z - info: Site data built
2019-01-29T04:43:13.392Z - info: Website generation started at 12:43:10
2019-01-29T04:43:14.692Z - info: Building assets...
2019-01-29T04:43:16.190Z - info: Assets built
2019-01-29T04:43:16.190Z - info: Generating pages...
2019-01-29T04:44:28.644Z - info: Pages built
2019-01-29T04:44:28.759Z - info: Site data built
2019-01-29T04:44:28.760Z - info: Website generation complete! Total build time: 78.403s
2019-01-29T04:44:28.767Z - info: Generate Site durationMs=78411
2019-01-29T04:44:29.023Z - info: Serving "E:\Teaching\CS2113-AY1819Sem2\website\_site" at http://127.0.0.1:8080
2019-01-29T04:44:29.023Z - info: Press CTRL+C to stop ...
2019-01-29T06:43:28.618Z - info: [14:43:28] Reload for file change: E:\Teaching\CS2113-AY1819Sem2\website\schedule\index.md
2019-01-29T06:43:29.619Z - verbose: Rebuild affected paths: E:\Teaching\CS2113-AY1819Sem2\website\schedule\index.md
2019-01-29T06:43:29.621Z - info: Rebuilding 2 pages
2019-01-29T06:43:32.994Z - info: Pages rebuilt
2019-01-29T06:43:33.007Z - info: Site data built
2019-01-29T06:44:18.389Z - info: [14:44:18] Reload for file change: E:\Teaching\CS2113-AY1819Sem2\website\schedule\index.md
2019-01-29T06:44:19.392Z - verbose: Rebuild affected paths: E:\Teaching\CS2113-AY1819Sem2\website\schedule\index.md
2019-01-29T06:44:19.394Z - info: Rebuilding 2 pages
2019-01-29T06:44:22.498Z - info: Pages rebuilt
2019-01-29T06:44:22.507Z - info: Site data built
2019-01-29T06:50:32.645Z - info: [14:50:32] Reload for file add: E:\Teaching\CS2113-AY1819Sem2\website\schedule\week6\notices-cs2113.md
2019-01-29T06:50:33.647Z - verbose: Rebuild affected paths: E:\Teaching\CS2113-AY1819Sem2\website\schedule\week6\notices-cs2113.md
2019-01-29T06:50:33.648Z - info: Rebuilding 0 pages
2019-01-29T06:50:33.648Z - info: Pages rebuilt
2019-01-29T06:50:33.655Z - info: Site data built
2019-01-29T06:50:40.726Z - info: [14:50:40] Reload for file change: E:\Teaching\CS2113-AY1819Sem2\website\schedule\week6\notices-cs2103.md
2019-01-29T06:50:41.727Z - verbose: Rebuild affected paths: E:\Teaching\CS2113-AY1819Sem2\website\schedule\week6\notices-cs2103.md
2019-01-29T06:50:41.728Z - info: Rebuilding 0 pages
2019-01-29T06:50:41.728Z - info: Pages rebuilt
2019-01-29T06:50:41.734Z - info: Site data built
2019-01-29T06:51:22.819Z - info: [14:51:22] Reload for file add: E:\Teaching\CS2113-AY1819Sem2\website\schedule\week5\notices-cs2113.md
2019-01-29T06:51:23.820Z - verbose: Rebuild affected paths: E:\Teaching\CS2113-AY1819Sem2\website\schedule\week5\notices-cs2113.md
2019-01-29T06:51:23.821Z - info: Rebuilding 0 pages
2019-01-29T06:51:23.821Z - info: Pages rebuilt
2019-01-29T06:51:23.827Z - info: Site data built
2019-01-29T06:51:32.354Z - info: [14:51:32] Reload for file add: E:\Teaching\CS2113-AY1819Sem2\website\schedule\week5\tutorial-cs2113.md
2019-01-29T06:51:33.355Z - verbose: Rebuild affected paths: E:\Teaching\CS2113-AY1819Sem2\website\schedule\week5\tutorial-cs2113.md
2019-01-29T06:51:33.355Z - info: Rebuilding 0 pages
2019-01-29T06:51:33.355Z - info: Pages rebuilt
2019-01-29T06:51:33.362Z - info: Site data built
2019-01-29T08:27:35.134Z - info: Website generation started at 16:27:30
2019-01-29T08:27:36.725Z - info: Building assets...
2019-01-29T08:27:38.786Z - info: Assets built
2019-01-29T08:27:38.787Z - info: Generating pages...
2019-01-29T08:28:57.227Z - info: Pages built
2019-01-29T08:28:57.370Z - info: Site data built
2019-01-29T08:28:57.370Z - info: Website generation complete! Total build time: 86.525s
2019-01-29T08:28:57.379Z - info: Generate Site durationMs=86534
2019-01-29T08:28:57.641Z - info: Serving "E:\Teaching\CS2113-AY1819Sem2\website\_site" at http://127.0.0.1:8080
2019-01-29T08:28:57.642Z - info: Press CTRL+C to stop ...
2019-01-29T08:28:58.511Z - info: [16:28:58] Reload for file change: E:\Teaching\CS2113-AY1819Sem2\website\schedule\week7\tutorial-cs2113.md
2019-01-29T08:28:58.511Z - info: [16:28:58] Reload for file change: E:\Teaching\CS2113-AY1819Sem2\website\schedule\week6\tutorial-cs2113.md
2019-01-29T08:28:59.657Z - verbose: Rebuild affected paths: E:\Teaching\CS2113-AY1819Sem2\website\schedule\week7\tutorial-cs2113.md,E:\Teaching\CS2113-AY1819Sem2\website\schedule\week6\tutorial-cs2113.md
2019-01-29T08:28:59.661Z - info: Rebuilding 1 pages
2019-01-29T08:29:01.708Z - info: [16:29:01] Reload for file change: E:\Teaching\CS2113-AY1819Sem2\website\schedule\week7\tutorial-cs2113.md
2019-01-29T08:29:06.285Z - info: Pages rebuilt
2019-01-29T08:29:06.324Z - info: Site data built
2019-01-29T08:29:06.499Z - verbose: Rebuild affected paths: E:\Teaching\CS2113-AY1819Sem2\website\schedule\week7\tutorial-cs2113.md
2019-01-29T08:29:06.500Z - info: Rebuilding 0 pages
2019-01-29T08:29:06.500Z - info: Pages rebuilt
2019-01-29T08:29:06.556Z - info: Site data built
2019-01-29T08:35:12.656Z - info: [16:35:12] Reload for file change: E:\Teaching\CS2113-AY1819Sem2\website\schedule\week7\tutorial-cs2113.md
2019-01-29T08:35:13.657Z - verbose: Rebuild affected paths: E:\Teaching\CS2113-AY1819Sem2\website\schedule\week7\tutorial-cs2113.md
2019-01-29T08:35:13.657Z - info: Rebuilding 0 pages
2019-01-29T08:35:13.657Z - info: Pages rebuilt
2019-01-29T08:35:13.665Z - info: Site data built
