2019-03-01T01:15:58.946Z - info: Website generation started at 9:15:57 AM
2019-03-01T01:16:00.802Z - info: Building assets...
2019-03-01T01:16:02.577Z - info: Assets built
2019-03-01T01:16:02.580Z - info: Generating pages...
2019-03-01T01:17:53.409Z - error: EBUSY: resource busy or locked, unlink 'D:\Teaching\CS2113\AY1819Sem2\website\.temp\book\processModels\exampleProcessModels\xp\index.md'
2019-03-01T01:18:48.177Z - info: Website generation started at 9:18:46 AM
2019-03-01T01:18:49.603Z - info: Building assets...
2019-03-01T01:18:50.794Z - info: Assets built
2019-03-01T01:18:50.796Z - info: Generating pages...
2019-03-01T01:20:41.738Z - info: Pages built
2019-03-01T01:20:41.848Z - info: Site data built
2019-03-01T01:20:41.850Z - info: Website generation complete! Total build time: 115.523s
2019-03-01T01:20:41.882Z - info: Generate Site durationMs=115556
2019-03-01T01:20:41.930Z - info: Serving "D:\Teaching\CS2113\AY1819Sem2\website\_site" at http://127.0.0.1:8080
2019-03-01T01:20:41.933Z - info: Press CTRL+C to stop ...
2019-03-01T01:21:33.677Z - info: [9:21:33 AM] Reload for file change: D:\Teaching\CS2113\AY1819Sem2\website\se-book-adapted\config.njk
2019-03-01T01:21:34.695Z - info: Assets built
2019-03-01T01:22:05.914Z - info: [9:22:05 AM] Reload for file change: D:\Teaching\CS2113\AY1819Sem2\website\schedule\index.md
2019-03-01T01:22:06.917Z - verbose: Rebuild affected paths: D:\Teaching\CS2113\AY1819Sem2\website\schedule\index.md
2019-03-01T01:22:06.923Z - info: Rebuilding 2 pages
2019-03-01T01:22:13.624Z - info: Pages rebuilt
2019-03-01T01:22:13.639Z - info: Site data built
2019-03-01T01:26:05.367Z - info: [9:26:05 AM] Reload for file change: D:\Teaching\CS2113\AY1819Sem2\website\schedule\index.md
2019-03-01T01:26:06.370Z - verbose: Rebuild affected paths: D:\Teaching\CS2113\AY1819Sem2\website\schedule\index.md
2019-03-01T01:26:06.382Z - info: Rebuilding 2 pages
2019-03-01T01:26:12.325Z - info: Pages rebuilt
2019-03-01T01:26:12.340Z - info: Site data built
2019-03-01T01:26:47.846Z - info: [9:26:47 AM] Reload for file change: D:\Teaching\CS2113\AY1819Sem2\website\schedule\index.md
2019-03-01T01:26:48.850Z - verbose: Rebuild affected paths: D:\Teaching\CS2113\AY1819Sem2\website\schedule\index.md
2019-03-01T01:26:48.857Z - info: Rebuilding 2 pages
2019-03-01T01:26:56.961Z - info: Pages rebuilt
2019-03-01T01:26:56.978Z - info: Site data built
2019-03-01T01:27:06.063Z - info: Website generation started at 9:27:04 AM
2019-03-01T01:27:07.499Z - info: Building assets...
2019-03-01T01:27:08.754Z - info: Assets built
2019-03-01T01:27:08.755Z - info: Generating pages...
2019-03-01T01:28:58.836Z - info: Pages built
2019-03-01T01:28:58.867Z - info: Site data built
2019-03-01T01:28:58.869Z - info: Website generation complete! Total build time: 114.382s
2019-03-01T01:28:58.897Z - info: Generate Site durationMs=114412
2019-03-01T01:28:58.916Z - info: Serving "D:\Teaching\CS2113\AY1819Sem2\website\_site" at http://127.0.0.1:8080
2019-03-01T01:28:58.921Z - info: Press CTRL+C to stop ...
2019-03-01T01:31:57.208Z - info: Website generation started at 9:31:55 AM
2019-03-01T01:31:59.028Z - info: Building assets...
2019-03-01T01:32:01.589Z - info: Assets built
2019-03-01T01:32:01.590Z - info: Generating pages...
2019-03-01T01:33:57.991Z - info: Pages built
2019-03-01T01:33:58.028Z - info: Site data built
2019-03-01T01:33:58.029Z - info: Website generation complete! Total build time: 122.579s
2019-03-01T01:33:58.030Z - info: Build success!
2019-03-01T01:33:58.030Z - info: Generate Site durationMs=122580
2019-03-01T02:13:15.278Z - info: Website generation started at 10:13:13 AM
2019-03-01T02:13:16.730Z - info: Building assets...
2019-03-01T02:13:18.718Z - info: Assets built
2019-03-01T02:13:18.719Z - info: Generating pages...
2019-03-01T02:16:20.610Z - info: Pages built
2019-03-01T02:16:20.652Z - info: Site data built
2019-03-01T02:16:20.653Z - info: Website generation complete! Total build time: 187.029s
2019-03-01T02:16:20.686Z - info: Generate Site durationMs=187063
2019-03-01T02:16:20.712Z - info: Serving "D:\Teaching\CS2113\AY1819Sem2\website\_site" at http://127.0.0.1:8080
2019-03-01T02:16:20.716Z - info: Press CTRL+C to stop ...
2019-03-01T07:50:55.583Z - info: Website generation started at 3:50:54 PM
2019-03-01T07:50:56.411Z - info: Building assets...
