2019-07-29T22:37:17.529Z - info: Website generation started at 6:37:15 AM
2019-07-29T22:37:18.842Z - info: Building assets...
2019-07-29T22:37:20.148Z - info: Assets built
2019-07-29T22:37:20.149Z - info: Generating pages...
2019-07-29T22:39:53.299Z - info: Pages built
2019-07-29T22:40:37.161Z - info: Website generation complete! Total build time: 201.211s
2019-07-29T22:40:37.241Z - info: Serving "D:\Teaching\CS2113\AY1920Sem1\website\_site" at http://127.0.0.1:8080
2019-07-29T22:40:37.242Z - info: Press CTRL+C to stop ...
2019-07-29T22:40:37.277Z - info: Site data built
2019-07-29T22:42:36.467Z - info: Website generation started at 6:42:34 AM
2019-07-29T22:42:38.350Z - info: Building assets...
2019-07-29T22:42:40.228Z - info: Assets built
2019-07-29T22:42:40.230Z - info: Generating pages...
2019-07-29T22:45:29.535Z - info: Pages built
2019-07-29T22:46:14.346Z - info: Website generation complete! Total build time: 219.656s
2019-07-29T22:46:14.411Z - info: Serving "D:\Teaching\CS2113\AY1920Sem1\website\_site" at http://127.0.0.1:8080
2019-07-29T22:46:14.412Z - info: Press CTRL+C to stop ...
2019-07-29T22:46:14.442Z - info: Site data built
2019-07-29T23:22:02.600Z - info: [7:22:02 AM] Reload for file change: D:\Teaching\CS2113\AY1920Sem1\website\_markbind\headers\header.md
2019-07-29T23:22:03.612Z - info: Rebuilding affected source files
2019-07-29T23:22:03.667Z - info: Rebuilding 147 pages
2019-07-29T23:23:53.778Z - info: Pages rebuilt
2019-07-29T23:23:53.803Z - info: Site data built
