2019-03-12T04:47:55.746Z - info: Website generation started at 12:47:53
2019-03-12T04:47:57.286Z - info: Building assets...
2019-03-12T04:47:58.829Z - info: Assets built
2019-03-12T04:47:58.830Z - info: Generating pages...
2019-03-12T04:49:12.007Z - info: Pages built
2019-03-12T04:49:12.135Z - info: Site data built
2019-03-12T04:49:12.135Z - info: Website generation complete! Total build time: 79.103s
2019-03-12T04:49:12.142Z - info: Generate Site durationMs=79110
2019-03-12T04:49:12.589Z - info: Serving "E:\Teaching\CS2113-AY1819Sem2\website\_site" at http://127.0.0.1:8080
2019-03-12T04:49:12.589Z - info: Press CTRL+C to stop ...
2019-03-12T10:47:50.939Z - info: Deployed!
2019-03-12T10:51:25.062Z - info: Website generation started at 18:51:21
2019-03-12T10:51:26.456Z - info: Building assets...
2019-03-12T10:51:27.824Z - info: Assets built
2019-03-12T10:51:27.825Z - info: Generating pages...
2019-03-12T10:52:42.636Z - info: Pages built
2019-03-12T10:52:42.781Z - info: Site data built
2019-03-12T10:52:42.782Z - info: Website generation complete! Total build time: 81.194s
2019-03-12T10:52:42.794Z - info: Generate Site durationMs=81207
2019-03-12T10:52:43.124Z - info: Serving "E:\Teaching\CS2113-AY1819Sem2\website\_site" at http://127.0.0.1:8080
2019-03-12T10:52:43.124Z - info: Press CTRL+C to stop ...
2019-03-12T10:53:30.545Z - info: Website generation started at 18:53:27
2019-03-12T10:53:31.823Z - info: Building assets...
