2019-04-12T16:51:49.983Z - info: Website generation started at 12:51:48 AM
2019-04-12T16:51:51.556Z - warn: ENOENT: no such file or directory, open 'D:\Teaching\CS2113\AY1819Sem2\website\admin\_site\book\_markbind\variables.md'
2019-04-12T16:51:51.565Z - warn: ENOENT: no such file or directory, open 'D:\Teaching\CS2113\AY1819Sem2\website\admin\_site\_markbind\variables.md'
2019-04-12T16:51:51.811Z - info: Building assets...
2019-04-12T16:51:53.193Z - info: Assets built
2019-04-12T16:51:53.193Z - info: Generating pages...
2019-04-12T16:54:12.594Z - info: Pages built
2019-04-12T16:54:12.620Z - info: Site data built
2019-04-12T16:54:12.621Z - info: Website generation complete! Total build time: 144.297s
2019-04-12T16:54:12.621Z - info: Build success!
2019-04-12T16:54:12.622Z - info: Generate Site durationMs=144299
2019-04-12T16:55:02.963Z - info: Deployed!
2019-04-12T17:02:03.632Z - info: Website generation started at 1:02:01 AM
2019-04-12T17:02:05.655Z - warn: ENOENT: no such file or directory, open 'D:\Teaching\CS2113\AY1819Sem2\website\admin\_site\book\_markbind\variables.md'
2019-04-12T17:02:05.666Z - warn: ENOENT: no such file or directory, open 'D:\Teaching\CS2113\AY1819Sem2\website\admin\_site\_markbind\variables.md'
2019-04-12T17:02:05.931Z - info: Building assets...
2019-04-12T17:02:07.666Z - info: Assets built
2019-04-12T17:02:07.666Z - info: Generating pages...
2019-04-12T17:04:29.669Z - info: Pages built
2019-04-12T17:04:29.696Z - info: Site data built
2019-04-12T17:04:29.698Z - info: Website generation complete! Total build time: 148.029s
2019-04-12T17:04:29.698Z - info: Build success!
2019-04-12T17:04:29.699Z - info: Generate Site durationMs=148031
2019-04-12T17:05:22.277Z - info: Deployed!
